<?xml version="1.0" encoding="UTF-8"?>
<testng-results skipped="49" failed="5" ignored="0" total="100" passed="46">
  <reporter-output>
  </reporter-output>
  <suite name="Default suite" duration-ms="3646656" started-at="2020-10-21T14:51:51 IST" finished-at="2020-10-21T15:52:37 IST">
    <groups>
    </groups>
    <test name="Default test" duration-ms="3646656" started-at="2020-10-21T14:51:51 IST" finished-at="2020-10-21T15:52:37 IST">
      <class name="testscript.Run_Mummy_Payment">
        <test-method status="PASS" signature="openApplication()[pri:0, instance:testscript.Run_Mummy_Payment@47eaca72]" name="openApplication" is-config="true" duration-ms="16875" started-at="2020-10-21T14:51:51 IST" finished-at="2020-10-21T14:52:08 IST">
          <reporter-output>
          </reporter-output>
        </test-method> <!-- openApplication -->
        <test-method status="PASS" signature="select_LoseWeight_Beginner_Spin_Availoffer_Dothe_Payment_Entering_Credentials_Error_while_processing_the_card()[pri:0, instance:testscript.Run_Mummy_Payment@47eaca72]" name="select_LoseWeight_Beginner_Spin_Availoffer_Dothe_Payment_Entering_Credentials_Error_while_processing_the_card" duration-ms="27765" started-at="2020-10-21T14:52:08 IST" finished-at="2020-10-21T14:52:35 IST">
          <reporter-output>
          </reporter-output>
        </test-method> <!-- select_LoseWeight_Beginner_Spin_Availoffer_Dothe_Payment_Entering_Credentials_Error_while_processing_the_card -->
        <test-method status="PASS" signature="closeApplication(org.testng.ITestResult)[pri:0, instance:testscript.Run_Mummy_Payment@47eaca72]" name="closeApplication" is-config="true" duration-ms="1731" started-at="2020-10-21T14:52:35 IST" finished-at="2020-10-21T14:52:37 IST">
          <params>
            <param index="0">
              <value>
                <![CDATA[[TestResult name=select_LoseWeight_Beginner_Spin_Availoffer_Dothe_Payment_Entering_Credentials_Error_while_processing_the_card status=SUCCESS method=Run_Mummy_Payment.select_LoseWeight_Beginner_Spin_Availoffer_Dothe_Payment_Entering_Credentials_Error_while_processing_the_card()[pri:0, instance:testscript.Run_Mummy_Payment@47eaca72] output={null}]]]>
              </value>
            </param>
          </params>
          <reporter-output>
          </reporter-output>
        </test-method> <!-- closeApplication -->
        <test-method status="PASS" signature="openApplication()[pri:0, instance:testscript.Run_Mummy_Payment@47eaca72]" name="openApplication" is-config="true" duration-ms="29473" started-at="2020-10-21T14:52:37 IST" finished-at="2020-10-21T14:53:07 IST">
          <reporter-output>
          </reporter-output>
        </test-method> <!-- openApplication -->
        <test-method status="PASS" signature="select_LoseWeight_Beginner_Spin_Availoffer_Dothe_Payment_Entering_Credentials_Error_while_processing_the_card()[pri:0, instance:testscript.Run_Mummy_Payment@47eaca72]" name="select_LoseWeight_Beginner_Spin_Availoffer_Dothe_Payment_Entering_Credentials_Error_while_processing_the_card" duration-ms="30541" started-at="2020-10-21T14:53:07 IST" finished-at="2020-10-21T14:53:37 IST">
          <reporter-output>
          </reporter-output>
        </test-method> <!-- select_LoseWeight_Beginner_Spin_Availoffer_Dothe_Payment_Entering_Credentials_Error_while_processing_the_card -->
        <test-method status="PASS" signature="closeApplication(org.testng.ITestResult)[pri:0, instance:testscript.Run_Mummy_Payment@47eaca72]" name="closeApplication" is-config="true" duration-ms="4153" started-at="2020-10-21T14:53:37 IST" finished-at="2020-10-21T14:53:41 IST">
          <params>
            <param index="0">
              <value>
                <![CDATA[[TestResult name=select_LoseWeight_Beginner_Spin_Availoffer_Dothe_Payment_Entering_Credentials_Error_while_processing_the_card status=SUCCESS method=Run_Mummy_Payment.select_LoseWeight_Beginner_Spin_Availoffer_Dothe_Payment_Entering_Credentials_Error_while_processing_the_card()[pri:0, instance:testscript.Run_Mummy_Payment@47eaca72] output={null}]]]>
              </value>
            </param>
          </params>
          <reporter-output>
          </reporter-output>
        </test-method> <!-- closeApplication -->
        <test-method status="PASS" signature="openApplication()[pri:0, instance:testscript.Run_Mummy_Payment@47eaca72]" name="openApplication" is-config="true" duration-ms="30953" started-at="2020-10-21T14:53:41 IST" finished-at="2020-10-21T14:54:12 IST">
          <reporter-output>
          </reporter-output>
        </test-method> <!-- openApplication -->
        <test-method status="PASS" signature="select_LoseWeight_Beginner_Spin_Availoffer_Dothe_Payment_Entering_Credentials_Error_while_processing_the_card()[pri:0, instance:testscript.Run_Mummy_Payment@47eaca72]" name="select_LoseWeight_Beginner_Spin_Availoffer_Dothe_Payment_Entering_Credentials_Error_while_processing_the_card" duration-ms="29701" started-at="2020-10-21T14:54:12 IST" finished-at="2020-10-21T14:54:42 IST">
          <reporter-output>
          </reporter-output>
        </test-method> <!-- select_LoseWeight_Beginner_Spin_Availoffer_Dothe_Payment_Entering_Credentials_Error_while_processing_the_card -->
        <test-method status="PASS" signature="closeApplication(org.testng.ITestResult)[pri:0, instance:testscript.Run_Mummy_Payment@47eaca72]" name="closeApplication" is-config="true" duration-ms="3114" started-at="2020-10-21T14:54:42 IST" finished-at="2020-10-21T14:54:45 IST">
          <params>
            <param index="0">
              <value>
                <![CDATA[[TestResult name=select_LoseWeight_Beginner_Spin_Availoffer_Dothe_Payment_Entering_Credentials_Error_while_processing_the_card status=SUCCESS method=Run_Mummy_Payment.select_LoseWeight_Beginner_Spin_Availoffer_Dothe_Payment_Entering_Credentials_Error_while_processing_the_card()[pri:0, instance:testscript.Run_Mummy_Payment@47eaca72] output={null}]]]>
              </value>
            </param>
          </params>
          <reporter-output>
          </reporter-output>
        </test-method> <!-- closeApplication -->
        <test-method status="PASS" signature="openApplication()[pri:0, instance:testscript.Run_Mummy_Payment@47eaca72]" name="openApplication" is-config="true" duration-ms="25146" started-at="2020-10-21T14:54:45 IST" finished-at="2020-10-21T14:55:10 IST">
          <reporter-output>
          </reporter-output>
        </test-method> <!-- openApplication -->
        <test-method status="PASS" signature="select_LoseWeight_Beginner_Spin_Availoffer_Dothe_Payment_Entering_Credentials_Error_while_processing_the_card()[pri:0, instance:testscript.Run_Mummy_Payment@47eaca72]" name="select_LoseWeight_Beginner_Spin_Availoffer_Dothe_Payment_Entering_Credentials_Error_while_processing_the_card" duration-ms="24384" started-at="2020-10-21T14:55:10 IST" finished-at="2020-10-21T14:55:35 IST">
          <reporter-output>
          </reporter-output>
        </test-method> <!-- select_LoseWeight_Beginner_Spin_Availoffer_Dothe_Payment_Entering_Credentials_Error_while_processing_the_card -->
        <test-method status="PASS" signature="closeApplication(org.testng.ITestResult)[pri:0, instance:testscript.Run_Mummy_Payment@47eaca72]" name="closeApplication" is-config="true" duration-ms="2580" started-at="2020-10-21T14:55:35 IST" finished-at="2020-10-21T14:55:37 IST">
          <params>
            <param index="0">
              <value>
                <![CDATA[[TestResult name=select_LoseWeight_Beginner_Spin_Availoffer_Dothe_Payment_Entering_Credentials_Error_while_processing_the_card status=SUCCESS method=Run_Mummy_Payment.select_LoseWeight_Beginner_Spin_Availoffer_Dothe_Payment_Entering_Credentials_Error_while_processing_the_card()[pri:0, instance:testscript.Run_Mummy_Payment@47eaca72] output={null}]]]>
              </value>
            </param>
          </params>
          <reporter-output>
          </reporter-output>
        </test-method> <!-- closeApplication -->
        <test-method status="PASS" signature="openApplication()[pri:0, instance:testscript.Run_Mummy_Payment@47eaca72]" name="openApplication" is-config="true" duration-ms="46806" started-at="2020-10-21T14:55:37 IST" finished-at="2020-10-21T14:56:24 IST">
          <reporter-output>
          </reporter-output>
        </test-method> <!-- openApplication -->
        <test-method status="PASS" signature="select_LoseWeight_Beginner_Spin_Availoffer_Dothe_Payment_Entering_Credentials_Error_while_processing_the_card()[pri:0, instance:testscript.Run_Mummy_Payment@47eaca72]" name="select_LoseWeight_Beginner_Spin_Availoffer_Dothe_Payment_Entering_Credentials_Error_while_processing_the_card" duration-ms="32049" started-at="2020-10-21T14:56:24 IST" finished-at="2020-10-21T14:56:56 IST">
          <reporter-output>
          </reporter-output>
        </test-method> <!-- select_LoseWeight_Beginner_Spin_Availoffer_Dothe_Payment_Entering_Credentials_Error_while_processing_the_card -->
        <test-method status="PASS" signature="closeApplication(org.testng.ITestResult)[pri:0, instance:testscript.Run_Mummy_Payment@47eaca72]" name="closeApplication" is-config="true" duration-ms="1064" started-at="2020-10-21T14:56:56 IST" finished-at="2020-10-21T14:56:57 IST">
          <params>
            <param index="0">
              <value>
                <![CDATA[[TestResult name=select_LoseWeight_Beginner_Spin_Availoffer_Dothe_Payment_Entering_Credentials_Error_while_processing_the_card status=SUCCESS method=Run_Mummy_Payment.select_LoseWeight_Beginner_Spin_Availoffer_Dothe_Payment_Entering_Credentials_Error_while_processing_the_card()[pri:0, instance:testscript.Run_Mummy_Payment@47eaca72] output={null}]]]>
              </value>
            </param>
          </params>
          <reporter-output>
          </reporter-output>
        </test-method> <!-- closeApplication -->
        <test-method status="PASS" signature="openApplication()[pri:0, instance:testscript.Run_Mummy_Payment@47eaca72]" name="openApplication" is-config="true" duration-ms="30720" started-at="2020-10-21T14:56:57 IST" finished-at="2020-10-21T14:57:28 IST">
          <reporter-output>
          </reporter-output>
        </test-method> <!-- openApplication -->
        <test-method status="PASS" signature="select_LoseWeight_Beginner_Spin_Availoffer_Dothe_Payment_Entering_Credentials_Error_while_processing_the_card()[pri:0, instance:testscript.Run_Mummy_Payment@47eaca72]" name="select_LoseWeight_Beginner_Spin_Availoffer_Dothe_Payment_Entering_Credentials_Error_while_processing_the_card" duration-ms="24458" started-at="2020-10-21T14:57:28 IST" finished-at="2020-10-21T14:57:52 IST">
          <reporter-output>
          </reporter-output>
        </test-method> <!-- select_LoseWeight_Beginner_Spin_Availoffer_Dothe_Payment_Entering_Credentials_Error_while_processing_the_card -->
        <test-method status="PASS" signature="closeApplication(org.testng.ITestResult)[pri:0, instance:testscript.Run_Mummy_Payment@47eaca72]" name="closeApplication" is-config="true" duration-ms="1243" started-at="2020-10-21T14:57:52 IST" finished-at="2020-10-21T14:57:54 IST">
          <params>
            <param index="0">
              <value>
                <![CDATA[[TestResult name=select_LoseWeight_Beginner_Spin_Availoffer_Dothe_Payment_Entering_Credentials_Error_while_processing_the_card status=SUCCESS method=Run_Mummy_Payment.select_LoseWeight_Beginner_Spin_Availoffer_Dothe_Payment_Entering_Credentials_Error_while_processing_the_card()[pri:0, instance:testscript.Run_Mummy_Payment@47eaca72] output={null}]]]>
              </value>
            </param>
          </params>
          <reporter-output>
          </reporter-output>
        </test-method> <!-- closeApplication -->
        <test-method status="PASS" signature="openApplication()[pri:0, instance:testscript.Run_Mummy_Payment@47eaca72]" name="openApplication" is-config="true" duration-ms="22258" started-at="2020-10-21T14:57:54 IST" finished-at="2020-10-21T14:58:16 IST">
          <reporter-output>
          </reporter-output>
        </test-method> <!-- openApplication -->
        <test-method status="PASS" signature="select_LoseWeight_Beginner_Spin_Availoffer_Dothe_Payment_Entering_Credentials_Error_while_processing_the_card()[pri:0, instance:testscript.Run_Mummy_Payment@47eaca72]" name="select_LoseWeight_Beginner_Spin_Availoffer_Dothe_Payment_Entering_Credentials_Error_while_processing_the_card" duration-ms="24750" started-at="2020-10-21T14:58:16 IST" finished-at="2020-10-21T14:58:41 IST">
          <reporter-output>
          </reporter-output>
        </test-method> <!-- select_LoseWeight_Beginner_Spin_Availoffer_Dothe_Payment_Entering_Credentials_Error_while_processing_the_card -->
        <test-method status="PASS" signature="closeApplication(org.testng.ITestResult)[pri:0, instance:testscript.Run_Mummy_Payment@47eaca72]" name="closeApplication" is-config="true" duration-ms="930" started-at="2020-10-21T14:58:41 IST" finished-at="2020-10-21T14:58:41 IST">
          <params>
            <param index="0">
              <value>
                <![CDATA[[TestResult name=select_LoseWeight_Beginner_Spin_Availoffer_Dothe_Payment_Entering_Credentials_Error_while_processing_the_card status=SUCCESS method=Run_Mummy_Payment.select_LoseWeight_Beginner_Spin_Availoffer_Dothe_Payment_Entering_Credentials_Error_while_processing_the_card()[pri:0, instance:testscript.Run_Mummy_Payment@47eaca72] output={null}]]]>
              </value>
            </param>
          </params>
          <reporter-output>
          </reporter-output>
        </test-method> <!-- closeApplication -->
        <test-method status="PASS" signature="openApplication()[pri:0, instance:testscript.Run_Mummy_Payment@47eaca72]" name="openApplication" is-config="true" duration-ms="20922" started-at="2020-10-21T14:58:41 IST" finished-at="2020-10-21T14:59:02 IST">
          <reporter-output>
          </reporter-output>
        </test-method> <!-- openApplication -->
        <test-method status="PASS" signature="select_LoseWeight_Beginner_Spin_Availoffer_Dothe_Payment_Entering_Credentials_Error_while_processing_the_card()[pri:0, instance:testscript.Run_Mummy_Payment@47eaca72]" name="select_LoseWeight_Beginner_Spin_Availoffer_Dothe_Payment_Entering_Credentials_Error_while_processing_the_card" duration-ms="26088" started-at="2020-10-21T14:59:02 IST" finished-at="2020-10-21T14:59:28 IST">
          <reporter-output>
          </reporter-output>
        </test-method> <!-- select_LoseWeight_Beginner_Spin_Availoffer_Dothe_Payment_Entering_Credentials_Error_while_processing_the_card -->
        <test-method status="PASS" signature="closeApplication(org.testng.ITestResult)[pri:0, instance:testscript.Run_Mummy_Payment@47eaca72]" name="closeApplication" is-config="true" duration-ms="1042" started-at="2020-10-21T14:59:28 IST" finished-at="2020-10-21T14:59:29 IST">
          <params>
            <param index="0">
              <value>
                <![CDATA[[TestResult name=select_LoseWeight_Beginner_Spin_Availoffer_Dothe_Payment_Entering_Credentials_Error_while_processing_the_card status=SUCCESS method=Run_Mummy_Payment.select_LoseWeight_Beginner_Spin_Availoffer_Dothe_Payment_Entering_Credentials_Error_while_processing_the_card()[pri:0, instance:testscript.Run_Mummy_Payment@47eaca72] output={null}]]]>
              </value>
            </param>
          </params>
          <reporter-output>
          </reporter-output>
        </test-method> <!-- closeApplication -->
        <test-method status="PASS" signature="openApplication()[pri:0, instance:testscript.Run_Mummy_Payment@47eaca72]" name="openApplication" is-config="true" duration-ms="24788" started-at="2020-10-21T14:59:29 IST" finished-at="2020-10-21T14:59:54 IST">
          <reporter-output>
          </reporter-output>
        </test-method> <!-- openApplication -->
        <test-method status="PASS" signature="select_LoseWeight_Beginner_Spin_Availoffer_Dothe_Payment_Entering_Credentials_Error_while_processing_the_card()[pri:0, instance:testscript.Run_Mummy_Payment@47eaca72]" name="select_LoseWeight_Beginner_Spin_Availoffer_Dothe_Payment_Entering_Credentials_Error_while_processing_the_card" duration-ms="23714" started-at="2020-10-21T14:59:54 IST" finished-at="2020-10-21T15:00:18 IST">
          <reporter-output>
          </reporter-output>
        </test-method> <!-- select_LoseWeight_Beginner_Spin_Availoffer_Dothe_Payment_Entering_Credentials_Error_while_processing_the_card -->
        <test-method status="PASS" signature="closeApplication(org.testng.ITestResult)[pri:0, instance:testscript.Run_Mummy_Payment@47eaca72]" name="closeApplication" is-config="true" duration-ms="984" started-at="2020-10-21T15:00:18 IST" finished-at="2020-10-21T15:00:19 IST">
          <params>
            <param index="0">
              <value>
                <![CDATA[[TestResult name=select_LoseWeight_Beginner_Spin_Availoffer_Dothe_Payment_Entering_Credentials_Error_while_processing_the_card status=SUCCESS method=Run_Mummy_Payment.select_LoseWeight_Beginner_Spin_Availoffer_Dothe_Payment_Entering_Credentials_Error_while_processing_the_card()[pri:0, instance:testscript.Run_Mummy_Payment@47eaca72] output={null}]]]>
              </value>
            </param>
          </params>
          <reporter-output>
          </reporter-output>
        </test-method> <!-- closeApplication -->
        <test-method status="PASS" signature="openApplication()[pri:0, instance:testscript.Run_Mummy_Payment@47eaca72]" name="openApplication" is-config="true" duration-ms="34778" started-at="2020-10-21T15:00:19 IST" finished-at="2020-10-21T15:00:54 IST">
          <reporter-output>
          </reporter-output>
        </test-method> <!-- openApplication -->
        <test-method status="PASS" signature="select_LoseWeight_Beginner_Spin_Availoffer_Dothe_Payment_Entering_Credentials_Error_while_processing_the_card()[pri:0, instance:testscript.Run_Mummy_Payment@47eaca72]" name="select_LoseWeight_Beginner_Spin_Availoffer_Dothe_Payment_Entering_Credentials_Error_while_processing_the_card" duration-ms="22814" started-at="2020-10-21T15:00:54 IST" finished-at="2020-10-21T15:01:17 IST">
          <reporter-output>
          </reporter-output>
        </test-method> <!-- select_LoseWeight_Beginner_Spin_Availoffer_Dothe_Payment_Entering_Credentials_Error_while_processing_the_card -->
        <test-method status="PASS" signature="closeApplication(org.testng.ITestResult)[pri:0, instance:testscript.Run_Mummy_Payment@47eaca72]" name="closeApplication" is-config="true" duration-ms="1165" started-at="2020-10-21T15:01:17 IST" finished-at="2020-10-21T15:01:18 IST">
          <params>
            <param index="0">
              <value>
                <![CDATA[[TestResult name=select_LoseWeight_Beginner_Spin_Availoffer_Dothe_Payment_Entering_Credentials_Error_while_processing_the_card status=SUCCESS method=Run_Mummy_Payment.select_LoseWeight_Beginner_Spin_Availoffer_Dothe_Payment_Entering_Credentials_Error_while_processing_the_card()[pri:0, instance:testscript.Run_Mummy_Payment@47eaca72] output={null}]]]>
              </value>
            </param>
          </params>
          <reporter-output>
          </reporter-output>
        </test-method> <!-- closeApplication -->
        <test-method status="PASS" signature="openApplication()[pri:0, instance:testscript.Run_Mummy_Payment@47eaca72]" name="openApplication" is-config="true" duration-ms="36947" started-at="2020-10-21T15:01:18 IST" finished-at="2020-10-21T15:01:55 IST">
          <reporter-output>
          </reporter-output>
        </test-method> <!-- openApplication -->
        <test-method status="PASS" signature="select_LoseWeight_Beginner_Spin_Availoffer_Dothe_Payment_Entering_Credentials_Error_while_processing_the_card()[pri:0, instance:testscript.Run_Mummy_Payment@47eaca72]" name="select_LoseWeight_Beginner_Spin_Availoffer_Dothe_Payment_Entering_Credentials_Error_while_processing_the_card" duration-ms="23212" started-at="2020-10-21T15:01:55 IST" finished-at="2020-10-21T15:02:18 IST">
          <reporter-output>
          </reporter-output>
        </test-method> <!-- select_LoseWeight_Beginner_Spin_Availoffer_Dothe_Payment_Entering_Credentials_Error_while_processing_the_card -->
        <test-method status="PASS" signature="closeApplication(org.testng.ITestResult)[pri:0, instance:testscript.Run_Mummy_Payment@47eaca72]" name="closeApplication" is-config="true" duration-ms="1188" started-at="2020-10-21T15:02:18 IST" finished-at="2020-10-21T15:02:19 IST">
          <params>
            <param index="0">
              <value>
                <![CDATA[[TestResult name=select_LoseWeight_Beginner_Spin_Availoffer_Dothe_Payment_Entering_Credentials_Error_while_processing_the_card status=SUCCESS method=Run_Mummy_Payment.select_LoseWeight_Beginner_Spin_Availoffer_Dothe_Payment_Entering_Credentials_Error_while_processing_the_card()[pri:0, instance:testscript.Run_Mummy_Payment@47eaca72] output={null}]]]>
              </value>
            </param>
          </params>
          <reporter-output>
          </reporter-output>
        </test-method> <!-- closeApplication -->
        <test-method status="PASS" signature="openApplication()[pri:0, instance:testscript.Run_Mummy_Payment@47eaca72]" name="openApplication" is-config="true" duration-ms="26260" started-at="2020-10-21T15:02:19 IST" finished-at="2020-10-21T15:02:45 IST">
          <reporter-output>
          </reporter-output>
        </test-method> <!-- openApplication -->
        <test-method status="PASS" signature="select_LoseWeight_Beginner_Spin_Availoffer_Dothe_Payment_Entering_Credentials_Error_while_processing_the_card()[pri:0, instance:testscript.Run_Mummy_Payment@47eaca72]" name="select_LoseWeight_Beginner_Spin_Availoffer_Dothe_Payment_Entering_Credentials_Error_while_processing_the_card" duration-ms="26158" started-at="2020-10-21T15:02:45 IST" finished-at="2020-10-21T15:03:12 IST">
          <reporter-output>
          </reporter-output>
        </test-method> <!-- select_LoseWeight_Beginner_Spin_Availoffer_Dothe_Payment_Entering_Credentials_Error_while_processing_the_card -->
        <test-method status="PASS" signature="closeApplication(org.testng.ITestResult)[pri:0, instance:testscript.Run_Mummy_Payment@47eaca72]" name="closeApplication" is-config="true" duration-ms="1160" started-at="2020-10-21T15:03:12 IST" finished-at="2020-10-21T15:03:13 IST">
          <params>
            <param index="0">
              <value>
                <![CDATA[[TestResult name=select_LoseWeight_Beginner_Spin_Availoffer_Dothe_Payment_Entering_Credentials_Error_while_processing_the_card status=SUCCESS method=Run_Mummy_Payment.select_LoseWeight_Beginner_Spin_Availoffer_Dothe_Payment_Entering_Credentials_Error_while_processing_the_card()[pri:0, instance:testscript.Run_Mummy_Payment@47eaca72] output={null}]]]>
              </value>
            </param>
          </params>
          <reporter-output>
          </reporter-output>
        </test-method> <!-- closeApplication -->
        <test-method status="PASS" signature="openApplication()[pri:0, instance:testscript.Run_Mummy_Payment@47eaca72]" name="openApplication" is-config="true" duration-ms="20689" started-at="2020-10-21T15:03:13 IST" finished-at="2020-10-21T15:03:33 IST">
          <reporter-output>
          </reporter-output>
        </test-method> <!-- openApplication -->
        <test-method status="PASS" signature="select_LoseWeight_Beginner_Spin_Availoffer_Dothe_Payment_Entering_Credentials_Error_while_processing_the_card()[pri:0, instance:testscript.Run_Mummy_Payment@47eaca72]" name="select_LoseWeight_Beginner_Spin_Availoffer_Dothe_Payment_Entering_Credentials_Error_while_processing_the_card" duration-ms="22757" started-at="2020-10-21T15:03:33 IST" finished-at="2020-10-21T15:03:56 IST">
          <reporter-output>
          </reporter-output>
        </test-method> <!-- select_LoseWeight_Beginner_Spin_Availoffer_Dothe_Payment_Entering_Credentials_Error_while_processing_the_card -->
        <test-method status="PASS" signature="closeApplication(org.testng.ITestResult)[pri:0, instance:testscript.Run_Mummy_Payment@47eaca72]" name="closeApplication" is-config="true" duration-ms="1503" started-at="2020-10-21T15:03:56 IST" finished-at="2020-10-21T15:03:58 IST">
          <params>
            <param index="0">
              <value>
                <![CDATA[[TestResult name=select_LoseWeight_Beginner_Spin_Availoffer_Dothe_Payment_Entering_Credentials_Error_while_processing_the_card status=SUCCESS method=Run_Mummy_Payment.select_LoseWeight_Beginner_Spin_Availoffer_Dothe_Payment_Entering_Credentials_Error_while_processing_the_card()[pri:0, instance:testscript.Run_Mummy_Payment@47eaca72] output={null}]]]>
              </value>
            </param>
          </params>
          <reporter-output>
          </reporter-output>
        </test-method> <!-- closeApplication -->
        <test-method status="PASS" signature="openApplication()[pri:0, instance:testscript.Run_Mummy_Payment@47eaca72]" name="openApplication" is-config="true" duration-ms="40520" started-at="2020-10-21T15:03:58 IST" finished-at="2020-10-21T15:04:38 IST">
          <reporter-output>
          </reporter-output>
        </test-method> <!-- openApplication -->
        <test-method status="PASS" signature="select_LoseWeight_Beginner_Spin_Availoffer_Dothe_Payment_Entering_Credentials_Error_while_processing_the_card()[pri:0, instance:testscript.Run_Mummy_Payment@47eaca72]" name="select_LoseWeight_Beginner_Spin_Availoffer_Dothe_Payment_Entering_Credentials_Error_while_processing_the_card" duration-ms="24966" started-at="2020-10-21T15:04:38 IST" finished-at="2020-10-21T15:05:03 IST">
          <reporter-output>
          </reporter-output>
        </test-method> <!-- select_LoseWeight_Beginner_Spin_Availoffer_Dothe_Payment_Entering_Credentials_Error_while_processing_the_card -->
        <test-method status="PASS" signature="closeApplication(org.testng.ITestResult)[pri:0, instance:testscript.Run_Mummy_Payment@47eaca72]" name="closeApplication" is-config="true" duration-ms="3275" started-at="2020-10-21T15:05:03 IST" finished-at="2020-10-21T15:05:06 IST">
          <params>
            <param index="0">
              <value>
                <![CDATA[[TestResult name=select_LoseWeight_Beginner_Spin_Availoffer_Dothe_Payment_Entering_Credentials_Error_while_processing_the_card status=SUCCESS method=Run_Mummy_Payment.select_LoseWeight_Beginner_Spin_Availoffer_Dothe_Payment_Entering_Credentials_Error_while_processing_the_card()[pri:0, instance:testscript.Run_Mummy_Payment@47eaca72] output={null}]]]>
              </value>
            </param>
          </params>
          <reporter-output>
          </reporter-output>
        </test-method> <!-- closeApplication -->
        <test-method status="PASS" signature="openApplication()[pri:0, instance:testscript.Run_Mummy_Payment@47eaca72]" name="openApplication" is-config="true" duration-ms="22132" started-at="2020-10-21T15:05:06 IST" finished-at="2020-10-21T15:05:29 IST">
          <reporter-output>
          </reporter-output>
        </test-method> <!-- openApplication -->
        <test-method status="PASS" signature="select_LoseWeight_Beginner_Spin_Availoffer_Dothe_Payment_Entering_Credentials_Error_while_processing_the_card()[pri:0, instance:testscript.Run_Mummy_Payment@47eaca72]" name="select_LoseWeight_Beginner_Spin_Availoffer_Dothe_Payment_Entering_Credentials_Error_while_processing_the_card" duration-ms="24653" started-at="2020-10-21T15:05:29 IST" finished-at="2020-10-21T15:05:53 IST">
          <reporter-output>
          </reporter-output>
        </test-method> <!-- select_LoseWeight_Beginner_Spin_Availoffer_Dothe_Payment_Entering_Credentials_Error_while_processing_the_card -->
        <test-method status="PASS" signature="closeApplication(org.testng.ITestResult)[pri:0, instance:testscript.Run_Mummy_Payment@47eaca72]" name="closeApplication" is-config="true" duration-ms="1077" started-at="2020-10-21T15:05:53 IST" finished-at="2020-10-21T15:05:54 IST">
          <params>
            <param index="0">
              <value>
                <![CDATA[[TestResult name=select_LoseWeight_Beginner_Spin_Availoffer_Dothe_Payment_Entering_Credentials_Error_while_processing_the_card status=SUCCESS method=Run_Mummy_Payment.select_LoseWeight_Beginner_Spin_Availoffer_Dothe_Payment_Entering_Credentials_Error_while_processing_the_card()[pri:0, instance:testscript.Run_Mummy_Payment@47eaca72] output={null}]]]>
              </value>
            </param>
          </params>
          <reporter-output>
          </reporter-output>
        </test-method> <!-- closeApplication -->
        <test-method status="PASS" signature="openApplication()[pri:0, instance:testscript.Run_Mummy_Payment@47eaca72]" name="openApplication" is-config="true" duration-ms="22801" started-at="2020-10-21T15:05:54 IST" finished-at="2020-10-21T15:06:17 IST">
          <reporter-output>
          </reporter-output>
        </test-method> <!-- openApplication -->
        <test-method status="PASS" signature="select_LoseWeight_Beginner_Spin_Availoffer_Dothe_Payment_Entering_Credentials_Error_while_processing_the_card()[pri:0, instance:testscript.Run_Mummy_Payment@47eaca72]" name="select_LoseWeight_Beginner_Spin_Availoffer_Dothe_Payment_Entering_Credentials_Error_while_processing_the_card" duration-ms="23529" started-at="2020-10-21T15:06:17 IST" finished-at="2020-10-21T15:06:41 IST">
          <reporter-output>
          </reporter-output>
        </test-method> <!-- select_LoseWeight_Beginner_Spin_Availoffer_Dothe_Payment_Entering_Credentials_Error_while_processing_the_card -->
        <test-method status="PASS" signature="closeApplication(org.testng.ITestResult)[pri:0, instance:testscript.Run_Mummy_Payment@47eaca72]" name="closeApplication" is-config="true" duration-ms="1669" started-at="2020-10-21T15:06:41 IST" finished-at="2020-10-21T15:06:42 IST">
          <params>
            <param index="0">
              <value>
                <![CDATA[[TestResult name=select_LoseWeight_Beginner_Spin_Availoffer_Dothe_Payment_Entering_Credentials_Error_while_processing_the_card status=SUCCESS method=Run_Mummy_Payment.select_LoseWeight_Beginner_Spin_Availoffer_Dothe_Payment_Entering_Credentials_Error_while_processing_the_card()[pri:0, instance:testscript.Run_Mummy_Payment@47eaca72] output={null}]]]>
              </value>
            </param>
          </params>
          <reporter-output>
          </reporter-output>
        </test-method> <!-- closeApplication -->
        <test-method status="PASS" signature="openApplication()[pri:0, instance:testscript.Run_Mummy_Payment@47eaca72]" name="openApplication" is-config="true" duration-ms="23922" started-at="2020-10-21T15:06:42 IST" finished-at="2020-10-21T15:07:06 IST">
          <reporter-output>
          </reporter-output>
        </test-method> <!-- openApplication -->
        <test-method status="PASS" signature="select_LoseWeight_Beginner_Spin_Availoffer_Dothe_Payment_Entering_Credentials_Error_while_processing_the_card()[pri:0, instance:testscript.Run_Mummy_Payment@47eaca72]" name="select_LoseWeight_Beginner_Spin_Availoffer_Dothe_Payment_Entering_Credentials_Error_while_processing_the_card" duration-ms="30311" started-at="2020-10-21T15:07:06 IST" finished-at="2020-10-21T15:07:36 IST">
          <reporter-output>
          </reporter-output>
        </test-method> <!-- select_LoseWeight_Beginner_Spin_Availoffer_Dothe_Payment_Entering_Credentials_Error_while_processing_the_card -->
        <test-method status="PASS" signature="closeApplication(org.testng.ITestResult)[pri:0, instance:testscript.Run_Mummy_Payment@47eaca72]" name="closeApplication" is-config="true" duration-ms="3603" started-at="2020-10-21T15:07:36 IST" finished-at="2020-10-21T15:07:40 IST">
          <params>
            <param index="0">
              <value>
                <![CDATA[[TestResult name=select_LoseWeight_Beginner_Spin_Availoffer_Dothe_Payment_Entering_Credentials_Error_while_processing_the_card status=SUCCESS method=Run_Mummy_Payment.select_LoseWeight_Beginner_Spin_Availoffer_Dothe_Payment_Entering_Credentials_Error_while_processing_the_card()[pri:0, instance:testscript.Run_Mummy_Payment@47eaca72] output={null}]]]>
              </value>
            </param>
          </params>
          <reporter-output>
          </reporter-output>
        </test-method> <!-- closeApplication -->
        <test-method status="PASS" signature="openApplication()[pri:0, instance:testscript.Run_Mummy_Payment@47eaca72]" name="openApplication" is-config="true" duration-ms="44340" started-at="2020-10-21T15:07:40 IST" finished-at="2020-10-21T15:08:24 IST">
          <reporter-output>
          </reporter-output>
        </test-method> <!-- openApplication -->
        <test-method status="PASS" signature="select_LoseWeight_Beginner_Spin_Availoffer_Dothe_Payment_Entering_Credentials_Error_while_processing_the_card()[pri:0, instance:testscript.Run_Mummy_Payment@47eaca72]" name="select_LoseWeight_Beginner_Spin_Availoffer_Dothe_Payment_Entering_Credentials_Error_while_processing_the_card" duration-ms="65656" started-at="2020-10-21T15:08:24 IST" finished-at="2020-10-21T15:09:30 IST">
          <reporter-output>
          </reporter-output>
        </test-method> <!-- select_LoseWeight_Beginner_Spin_Availoffer_Dothe_Payment_Entering_Credentials_Error_while_processing_the_card -->
        <test-method status="PASS" signature="closeApplication(org.testng.ITestResult)[pri:0, instance:testscript.Run_Mummy_Payment@47eaca72]" name="closeApplication" is-config="true" duration-ms="10653" started-at="2020-10-21T15:09:30 IST" finished-at="2020-10-21T15:09:41 IST">
          <params>
            <param index="0">
              <value>
                <![CDATA[[TestResult name=select_LoseWeight_Beginner_Spin_Availoffer_Dothe_Payment_Entering_Credentials_Error_while_processing_the_card status=SUCCESS method=Run_Mummy_Payment.select_LoseWeight_Beginner_Spin_Availoffer_Dothe_Payment_Entering_Credentials_Error_while_processing_the_card()[pri:0, instance:testscript.Run_Mummy_Payment@47eaca72] output={null}]]]>
              </value>
            </param>
          </params>
          <reporter-output>
          </reporter-output>
        </test-method> <!-- closeApplication -->
        <test-method status="PASS" signature="openApplication()[pri:0, instance:testscript.Run_Mummy_Payment@47eaca72]" name="openApplication" is-config="true" duration-ms="51867" started-at="2020-10-21T15:09:41 IST" finished-at="2020-10-21T15:10:33 IST">
          <reporter-output>
          </reporter-output>
        </test-method> <!-- openApplication -->
        <test-method status="FAIL" signature="select_LoseWeight_Beginner_Spin_Availoffer_Dothe_Payment_Entering_Credentials_Error_while_processing_the_card()[pri:0, instance:testscript.Run_Mummy_Payment@47eaca72]" name="select_LoseWeight_Beginner_Spin_Availoffer_Dothe_Payment_Entering_Credentials_Error_while_processing_the_card" duration-ms="63400" started-at="2020-10-21T15:10:33 IST" finished-at="2020-10-21T15:11:36 IST">
          <exception class="java.lang.AssertionError">
            <message>
              <![CDATA[Proper Error message not displayed]]>
            </message>
            <full-stacktrace>
              <![CDATA[java.lang.AssertionError: Proper Error message not displayed
at org.testng.Assert.fail(Assert.java:97)
at generic.Base_Page.getText(Base_Page.java:62)
at pom.Auro_Checkout_Page.verifyProcessingErrorMessage(Auro_Checkout_Page.java:149)
at testscript.Run_Mummy_Payment.select_LoseWeight_Beginner_Spin_Availoffer_Dothe_Payment_Entering_Credentials_Error_while_processing_the_card(Run_Mummy_Payment.java:226)
at sun.reflect.GeneratedMethodAccessor5.invoke(Unknown Source)
at sun.reflect.DelegatingMethodAccessorImpl.invoke(Unknown Source)
at java.lang.reflect.Method.invoke(Unknown Source)
at org.testng.internal.MethodInvocationHelper.invokeMethod(MethodInvocationHelper.java:135)
at org.testng.internal.TestInvoker.invokeMethod(TestInvoker.java:598)
at org.testng.internal.TestInvoker.invokeTestMethod(TestInvoker.java:174)
at org.testng.internal.MethodRunner.runInSequence(MethodRunner.java:46)
at org.testng.internal.TestInvoker$MethodInvocationAgent.invoke(TestInvoker.java:821)
at org.testng.internal.TestInvoker.invokeTestMethods(TestInvoker.java:147)
at org.testng.internal.TestMethodWorker.invokeTestMethods(TestMethodWorker.java:146)
at org.testng.internal.TestMethodWorker.run(TestMethodWorker.java:128)
at java.util.ArrayList.forEach(Unknown Source)
at org.testng.TestRunner.privateRun(TestRunner.java:767)
at org.testng.TestRunner.run(TestRunner.java:588)
at org.testng.SuiteRunner.runTest(SuiteRunner.java:384)
at org.testng.SuiteRunner.runSequentially(SuiteRunner.java:378)
at org.testng.SuiteRunner.privateRun(SuiteRunner.java:337)
at org.testng.SuiteRunner.run(SuiteRunner.java:286)
at org.testng.SuiteRunnerWorker.runSuite(SuiteRunnerWorker.java:53)
at org.testng.SuiteRunnerWorker.run(SuiteRunnerWorker.java:96)
at org.testng.TestNG.runSuitesSequentially(TestNG.java:1214)
at org.testng.TestNG.runSuitesLocally(TestNG.java:1136)
at org.testng.TestNG.runSuites(TestNG.java:1066)
at org.testng.TestNG.run(TestNG.java:1034)
at org.testng.remote.AbstractRemoteTestNG.run(AbstractRemoteTestNG.java:115)
at org.testng.remote.RemoteTestNG.initAndRun(RemoteTestNG.java:251)
at org.testng.remote.RemoteTestNG.main(RemoteTestNG.java:77)
]]>
            </full-stacktrace>
          </exception> <!-- java.lang.AssertionError -->
          <reporter-output>
          </reporter-output>
        </test-method> <!-- select_LoseWeight_Beginner_Spin_Availoffer_Dothe_Payment_Entering_Credentials_Error_while_processing_the_card -->
        <test-method status="PASS" signature="closeApplication(org.testng.ITestResult)[pri:0, instance:testscript.Run_Mummy_Payment@47eaca72]" name="closeApplication" is-config="true" duration-ms="2554" started-at="2020-10-21T15:11:36 IST" finished-at="2020-10-21T15:11:39 IST">
          <params>
            <param index="0">
              <value>
                <![CDATA[[TestResult name=select_LoseWeight_Beginner_Spin_Availoffer_Dothe_Payment_Entering_Credentials_Error_while_processing_the_card status=FAILURE method=Run_Mummy_Payment.select_LoseWeight_Beginner_Spin_Availoffer_Dothe_Payment_Entering_Credentials_Error_while_processing_the_card()[pri:0, instance:testscript.Run_Mummy_Payment@47eaca72] output={null}]]]>
              </value>
            </param>
          </params>
          <reporter-output>
          </reporter-output>
        </test-method> <!-- closeApplication -->
        <test-method status="PASS" signature="openApplication()[pri:0, instance:testscript.Run_Mummy_Payment@47eaca72]" name="openApplication" is-config="true" duration-ms="83400" started-at="2020-10-21T15:11:39 IST" finished-at="2020-10-21T15:13:02 IST">
          <reporter-output>
          </reporter-output>
        </test-method> <!-- openApplication -->
        <test-method status="PASS" signature="select_LoseWeight_Beginner_Spin_Availoffer_Dothe_Payment_Entering_Credentials_Error_while_processing_the_card()[pri:0, instance:testscript.Run_Mummy_Payment@47eaca72]" name="select_LoseWeight_Beginner_Spin_Availoffer_Dothe_Payment_Entering_Credentials_Error_while_processing_the_card" duration-ms="31869" started-at="2020-10-21T15:13:02 IST" finished-at="2020-10-21T15:13:34 IST">
          <reporter-output>
          </reporter-output>
        </test-method> <!-- select_LoseWeight_Beginner_Spin_Availoffer_Dothe_Payment_Entering_Credentials_Error_while_processing_the_card -->
        <test-method status="PASS" signature="closeApplication(org.testng.ITestResult)[pri:0, instance:testscript.Run_Mummy_Payment@47eaca72]" name="closeApplication" is-config="true" duration-ms="806" started-at="2020-10-21T15:13:34 IST" finished-at="2020-10-21T15:13:35 IST">
          <params>
            <param index="0">
              <value>
                <![CDATA[[TestResult name=select_LoseWeight_Beginner_Spin_Availoffer_Dothe_Payment_Entering_Credentials_Error_while_processing_the_card status=SUCCESS method=Run_Mummy_Payment.select_LoseWeight_Beginner_Spin_Availoffer_Dothe_Payment_Entering_Credentials_Error_while_processing_the_card()[pri:0, instance:testscript.Run_Mummy_Payment@47eaca72] output={null}]]]>
              </value>
            </param>
          </params>
          <reporter-output>
          </reporter-output>
        </test-method> <!-- closeApplication -->
        <test-method status="PASS" signature="openApplication()[pri:0, instance:testscript.Run_Mummy_Payment@47eaca72]" name="openApplication" is-config="true" duration-ms="32322" started-at="2020-10-21T15:13:35 IST" finished-at="2020-10-21T15:14:07 IST">
          <reporter-output>
          </reporter-output>
        </test-method> <!-- openApplication -->
        <test-method status="PASS" signature="select_LoseWeight_Beginner_Spin_Availoffer_Dothe_Payment_Entering_Credentials_Error_while_processing_the_card()[pri:0, instance:testscript.Run_Mummy_Payment@47eaca72]" name="select_LoseWeight_Beginner_Spin_Availoffer_Dothe_Payment_Entering_Credentials_Error_while_processing_the_card" duration-ms="36713" started-at="2020-10-21T15:14:07 IST" finished-at="2020-10-21T15:14:44 IST">
          <reporter-output>
          </reporter-output>
        </test-method> <!-- select_LoseWeight_Beginner_Spin_Availoffer_Dothe_Payment_Entering_Credentials_Error_while_processing_the_card -->
        <test-method status="PASS" signature="closeApplication(org.testng.ITestResult)[pri:0, instance:testscript.Run_Mummy_Payment@47eaca72]" name="closeApplication" is-config="true" duration-ms="849" started-at="2020-10-21T15:14:44 IST" finished-at="2020-10-21T15:14:45 IST">
          <params>
            <param index="0">
              <value>
                <![CDATA[[TestResult name=select_LoseWeight_Beginner_Spin_Availoffer_Dothe_Payment_Entering_Credentials_Error_while_processing_the_card status=SUCCESS method=Run_Mummy_Payment.select_LoseWeight_Beginner_Spin_Availoffer_Dothe_Payment_Entering_Credentials_Error_while_processing_the_card()[pri:0, instance:testscript.Run_Mummy_Payment@47eaca72] output={null}]]]>
              </value>
            </param>
          </params>
          <reporter-output>
          </reporter-output>
        </test-method> <!-- closeApplication -->
        <test-method status="PASS" signature="openApplication()[pri:0, instance:testscript.Run_Mummy_Payment@47eaca72]" name="openApplication" is-config="true" duration-ms="80066" started-at="2020-10-21T15:14:45 IST" finished-at="2020-10-21T15:16:05 IST">
          <reporter-output>
          </reporter-output>
        </test-method> <!-- openApplication -->
        <test-method status="PASS" signature="select_LoseWeight_Beginner_Spin_Availoffer_Dothe_Payment_Entering_Credentials_Error_while_processing_the_card()[pri:0, instance:testscript.Run_Mummy_Payment@47eaca72]" name="select_LoseWeight_Beginner_Spin_Availoffer_Dothe_Payment_Entering_Credentials_Error_while_processing_the_card" duration-ms="24783" started-at="2020-10-21T15:16:05 IST" finished-at="2020-10-21T15:16:30 IST">
          <reporter-output>
          </reporter-output>
        </test-method> <!-- select_LoseWeight_Beginner_Spin_Availoffer_Dothe_Payment_Entering_Credentials_Error_while_processing_the_card -->
        <test-method status="PASS" signature="closeApplication(org.testng.ITestResult)[pri:0, instance:testscript.Run_Mummy_Payment@47eaca72]" name="closeApplication" is-config="true" duration-ms="1153" started-at="2020-10-21T15:16:30 IST" finished-at="2020-10-21T15:16:31 IST">
          <params>
            <param index="0">
              <value>
                <![CDATA[[TestResult name=select_LoseWeight_Beginner_Spin_Availoffer_Dothe_Payment_Entering_Credentials_Error_while_processing_the_card status=SUCCESS method=Run_Mummy_Payment.select_LoseWeight_Beginner_Spin_Availoffer_Dothe_Payment_Entering_Credentials_Error_while_processing_the_card()[pri:0, instance:testscript.Run_Mummy_Payment@47eaca72] output={null}]]]>
              </value>
            </param>
          </params>
          <reporter-output>
          </reporter-output>
        </test-method> <!-- closeApplication -->
        <test-method status="PASS" signature="openApplication()[pri:0, instance:testscript.Run_Mummy_Payment@47eaca72]" name="openApplication" is-config="true" duration-ms="80809" started-at="2020-10-21T15:16:31 IST" finished-at="2020-10-21T15:17:52 IST">
          <reporter-output>
          </reporter-output>
        </test-method> <!-- openApplication -->
        <test-method status="PASS" signature="select_LoseWeight_Beginner_Spin_Availoffer_Dothe_Payment_Entering_Credentials_Error_while_processing_the_card()[pri:0, instance:testscript.Run_Mummy_Payment@47eaca72]" name="select_LoseWeight_Beginner_Spin_Availoffer_Dothe_Payment_Entering_Credentials_Error_while_processing_the_card" duration-ms="29158" started-at="2020-10-21T15:17:52 IST" finished-at="2020-10-21T15:18:21 IST">
          <reporter-output>
          </reporter-output>
        </test-method> <!-- select_LoseWeight_Beginner_Spin_Availoffer_Dothe_Payment_Entering_Credentials_Error_while_processing_the_card -->
        <test-method status="PASS" signature="closeApplication(org.testng.ITestResult)[pri:0, instance:testscript.Run_Mummy_Payment@47eaca72]" name="closeApplication" is-config="true" duration-ms="931" started-at="2020-10-21T15:18:21 IST" finished-at="2020-10-21T15:18:22 IST">
          <params>
            <param index="0">
              <value>
                <![CDATA[[TestResult name=select_LoseWeight_Beginner_Spin_Availoffer_Dothe_Payment_Entering_Credentials_Error_while_processing_the_card status=SUCCESS method=Run_Mummy_Payment.select_LoseWeight_Beginner_Spin_Availoffer_Dothe_Payment_Entering_Credentials_Error_while_processing_the_card()[pri:0, instance:testscript.Run_Mummy_Payment@47eaca72] output={null}]]]>
              </value>
            </param>
          </params>
          <reporter-output>
          </reporter-output>
        </test-method> <!-- closeApplication -->
        <test-method status="PASS" signature="openApplication()[pri:0, instance:testscript.Run_Mummy_Payment@47eaca72]" name="openApplication" is-config="true" duration-ms="45188" started-at="2020-10-21T15:18:22 IST" finished-at="2020-10-21T15:19:07 IST">
          <reporter-output>
          </reporter-output>
        </test-method> <!-- openApplication -->
        <test-method status="PASS" signature="select_LoseWeight_Beginner_Spin_Availoffer_Dothe_Payment_Entering_Credentials_Error_while_processing_the_card()[pri:0, instance:testscript.Run_Mummy_Payment@47eaca72]" name="select_LoseWeight_Beginner_Spin_Availoffer_Dothe_Payment_Entering_Credentials_Error_while_processing_the_card" duration-ms="29025" started-at="2020-10-21T15:19:07 IST" finished-at="2020-10-21T15:19:36 IST">
          <reporter-output>
          </reporter-output>
        </test-method> <!-- select_LoseWeight_Beginner_Spin_Availoffer_Dothe_Payment_Entering_Credentials_Error_while_processing_the_card -->
        <test-method status="PASS" signature="closeApplication(org.testng.ITestResult)[pri:0, instance:testscript.Run_Mummy_Payment@47eaca72]" name="closeApplication" is-config="true" duration-ms="1027" started-at="2020-10-21T15:19:36 IST" finished-at="2020-10-21T15:19:37 IST">
          <params>
            <param index="0">
              <value>
                <![CDATA[[TestResult name=select_LoseWeight_Beginner_Spin_Availoffer_Dothe_Payment_Entering_Credentials_Error_while_processing_the_card status=SUCCESS method=Run_Mummy_Payment.select_LoseWeight_Beginner_Spin_Availoffer_Dothe_Payment_Entering_Credentials_Error_while_processing_the_card()[pri:0, instance:testscript.Run_Mummy_Payment@47eaca72] output={null}]]]>
              </value>
            </param>
          </params>
          <reporter-output>
          </reporter-output>
        </test-method> <!-- closeApplication -->
        <test-method status="PASS" signature="openApplication()[pri:0, instance:testscript.Run_Mummy_Payment@47eaca72]" name="openApplication" is-config="true" duration-ms="28423" started-at="2020-10-21T15:19:37 IST" finished-at="2020-10-21T15:20:05 IST">
          <reporter-output>
          </reporter-output>
        </test-method> <!-- openApplication -->
        <test-method status="PASS" signature="select_LoseWeight_Beginner_Spin_Availoffer_Dothe_Payment_Entering_Credentials_Error_while_processing_the_card()[pri:0, instance:testscript.Run_Mummy_Payment@47eaca72]" name="select_LoseWeight_Beginner_Spin_Availoffer_Dothe_Payment_Entering_Credentials_Error_while_processing_the_card" duration-ms="35006" started-at="2020-10-21T15:20:05 IST" finished-at="2020-10-21T15:20:40 IST">
          <reporter-output>
          </reporter-output>
        </test-method> <!-- select_LoseWeight_Beginner_Spin_Availoffer_Dothe_Payment_Entering_Credentials_Error_while_processing_the_card -->
        <test-method status="PASS" signature="closeApplication(org.testng.ITestResult)[pri:0, instance:testscript.Run_Mummy_Payment@47eaca72]" name="closeApplication" is-config="true" duration-ms="1375" started-at="2020-10-21T15:20:40 IST" finished-at="2020-10-21T15:20:42 IST">
          <params>
            <param index="0">
              <value>
                <![CDATA[[TestResult name=select_LoseWeight_Beginner_Spin_Availoffer_Dothe_Payment_Entering_Credentials_Error_while_processing_the_card status=SUCCESS method=Run_Mummy_Payment.select_LoseWeight_Beginner_Spin_Availoffer_Dothe_Payment_Entering_Credentials_Error_while_processing_the_card()[pri:0, instance:testscript.Run_Mummy_Payment@47eaca72] output={null}]]]>
              </value>
            </param>
          </params>
          <reporter-output>
          </reporter-output>
        </test-method> <!-- closeApplication -->
        <test-method status="PASS" signature="openApplication()[pri:0, instance:testscript.Run_Mummy_Payment@47eaca72]" name="openApplication" is-config="true" duration-ms="62311" started-at="2020-10-21T15:20:42 IST" finished-at="2020-10-21T15:21:44 IST">
          <reporter-output>
          </reporter-output>
        </test-method> <!-- openApplication -->
        <test-method status="PASS" signature="select_LoseWeight_Beginner_Spin_Availoffer_Dothe_Payment_Entering_Credentials_Error_while_processing_the_card()[pri:0, instance:testscript.Run_Mummy_Payment@47eaca72]" name="select_LoseWeight_Beginner_Spin_Availoffer_Dothe_Payment_Entering_Credentials_Error_while_processing_the_card" duration-ms="32928" started-at="2020-10-21T15:21:44 IST" finished-at="2020-10-21T15:22:17 IST">
          <reporter-output>
          </reporter-output>
        </test-method> <!-- select_LoseWeight_Beginner_Spin_Availoffer_Dothe_Payment_Entering_Credentials_Error_while_processing_the_card -->
        <test-method status="PASS" signature="closeApplication(org.testng.ITestResult)[pri:0, instance:testscript.Run_Mummy_Payment@47eaca72]" name="closeApplication" is-config="true" duration-ms="902" started-at="2020-10-21T15:22:17 IST" finished-at="2020-10-21T15:22:18 IST">
          <params>
            <param index="0">
              <value>
                <![CDATA[[TestResult name=select_LoseWeight_Beginner_Spin_Availoffer_Dothe_Payment_Entering_Credentials_Error_while_processing_the_card status=SUCCESS method=Run_Mummy_Payment.select_LoseWeight_Beginner_Spin_Availoffer_Dothe_Payment_Entering_Credentials_Error_while_processing_the_card()[pri:0, instance:testscript.Run_Mummy_Payment@47eaca72] output={null}]]]>
              </value>
            </param>
          </params>
          <reporter-output>
          </reporter-output>
        </test-method> <!-- closeApplication -->
        <test-method status="PASS" signature="openApplication()[pri:0, instance:testscript.Run_Mummy_Payment@47eaca72]" name="openApplication" is-config="true" duration-ms="22201" started-at="2020-10-21T15:22:18 IST" finished-at="2020-10-21T15:22:40 IST">
          <reporter-output>
          </reporter-output>
        </test-method> <!-- openApplication -->
        <test-method status="PASS" signature="select_LoseWeight_Beginner_Spin_Availoffer_Dothe_Payment_Entering_Credentials_Error_while_processing_the_card()[pri:0, instance:testscript.Run_Mummy_Payment@47eaca72]" name="select_LoseWeight_Beginner_Spin_Availoffer_Dothe_Payment_Entering_Credentials_Error_while_processing_the_card" duration-ms="23243" started-at="2020-10-21T15:22:40 IST" finished-at="2020-10-21T15:23:04 IST">
          <reporter-output>
          </reporter-output>
        </test-method> <!-- select_LoseWeight_Beginner_Spin_Availoffer_Dothe_Payment_Entering_Credentials_Error_while_processing_the_card -->
        <test-method status="PASS" signature="closeApplication(org.testng.ITestResult)[pri:0, instance:testscript.Run_Mummy_Payment@47eaca72]" name="closeApplication" is-config="true" duration-ms="1160" started-at="2020-10-21T15:23:04 IST" finished-at="2020-10-21T15:23:05 IST">
          <params>
            <param index="0">
              <value>
                <![CDATA[[TestResult name=select_LoseWeight_Beginner_Spin_Availoffer_Dothe_Payment_Entering_Credentials_Error_while_processing_the_card status=SUCCESS method=Run_Mummy_Payment.select_LoseWeight_Beginner_Spin_Availoffer_Dothe_Payment_Entering_Credentials_Error_while_processing_the_card()[pri:0, instance:testscript.Run_Mummy_Payment@47eaca72] output={null}]]]>
              </value>
            </param>
          </params>
          <reporter-output>
          </reporter-output>
        </test-method> <!-- closeApplication -->
        <test-method status="PASS" signature="openApplication()[pri:0, instance:testscript.Run_Mummy_Payment@47eaca72]" name="openApplication" is-config="true" duration-ms="24876" started-at="2020-10-21T15:23:05 IST" finished-at="2020-10-21T15:23:30 IST">
          <reporter-output>
          </reporter-output>
        </test-method> <!-- openApplication -->
        <test-method status="FAIL" signature="select_LoseWeight_Beginner_Spin_Availoffer_Dothe_Payment_Entering_Credentials_Error_while_processing_the_card()[pri:0, instance:testscript.Run_Mummy_Payment@47eaca72]" name="select_LoseWeight_Beginner_Spin_Availoffer_Dothe_Payment_Entering_Credentials_Error_while_processing_the_card" duration-ms="12323" started-at="2020-10-21T15:23:30 IST" finished-at="2020-10-21T15:23:42 IST">
          <exception class="org.openqa.selenium.WebDriverException">
            <message>
              <![CDATA[disconnected: not connected to DevTools
  (Session info: chrome=86.0.4240.75)
Build info: version: '3.141.59', revision: 'e82be7d358', time: '2018-11-14T08:25:53'
System info: host: 'DESKTOP-M2K5DOK', ip: '192.168.1.100', os.name: 'Windows 10', os.arch: 'amd64', os.version: '10.0', java.version: '1.8.0_241'
Driver info: org.openqa.selenium.chrome.ChromeDriver
Capabilities {acceptInsecureCerts: false, browserName: chrome, browserVersion: 86.0.4240.75, chrome: {chromedriverVersion: 85.0.4183.87 (cd6713ebf92fa..., userDataDir: C:\Users\aa\AppData\Local\T...}, goog:chromeOptions: {debuggerAddress: localhost:51011}, javascriptEnabled: true, networkConnectionEnabled: false, pageLoadStrategy: normal, platform: WINDOWS, platformName: WINDOWS, proxy: Proxy(), setWindowRect: true, strictFileInteractability: false, timeouts: {implicit: 0, pageLoad: 300000, script: 30000}, unhandledPromptBehavior: dismiss and notify, webauthn:virtualAuthenticators: true}
Session ID: bee88c106df2dc520d70c8f9f242f04f]]>
            </message>
            <full-stacktrace>
              <![CDATA[org.openqa.selenium.WebDriverException: disconnected: not connected to DevTools
  (Session info: chrome=86.0.4240.75)
Build info: version: '3.141.59', revision: 'e82be7d358', time: '2018-11-14T08:25:53'
System info: host: 'DESKTOP-M2K5DOK', ip: '192.168.1.100', os.name: 'Windows 10', os.arch: 'amd64', os.version: '10.0', java.version: '1.8.0_241'
Driver info: org.openqa.selenium.chrome.ChromeDriver
Capabilities {acceptInsecureCerts: false, browserName: chrome, browserVersion: 86.0.4240.75, chrome: {chromedriverVersion: 85.0.4183.87 (cd6713ebf92fa..., userDataDir: C:\Users\aa\AppData\Local\T...}, goog:chromeOptions: {debuggerAddress: localhost:51011}, javascriptEnabled: true, networkConnectionEnabled: false, pageLoadStrategy: normal, platform: WINDOWS, platformName: WINDOWS, proxy: Proxy(), setWindowRect: true, strictFileInteractability: false, timeouts: {implicit: 0, pageLoad: 300000, script: 30000}, unhandledPromptBehavior: dismiss and notify, webauthn:virtualAuthenticators: true}
Session ID: bee88c106df2dc520d70c8f9f242f04f
at sun.reflect.NativeConstructorAccessorImpl.newInstance0(Native Method)
at sun.reflect.NativeConstructorAccessorImpl.newInstance(Unknown Source)
at sun.reflect.DelegatingConstructorAccessorImpl.newInstance(Unknown Source)
at java.lang.reflect.Constructor.newInstance(Unknown Source)
at org.openqa.selenium.remote.http.W3CHttpResponseCodec.createException(W3CHttpResponseCodec.java:187)
at org.openqa.selenium.remote.http.W3CHttpResponseCodec.decode(W3CHttpResponseCodec.java:122)
at org.openqa.selenium.remote.http.W3CHttpResponseCodec.decode(W3CHttpResponseCodec.java:49)
at org.openqa.selenium.remote.HttpCommandExecutor.execute(HttpCommandExecutor.java:158)
at org.openqa.selenium.remote.service.DriverCommandExecutor.execute(DriverCommandExecutor.java:83)
at org.openqa.selenium.remote.RemoteWebDriver.execute(RemoteWebDriver.java:552)
at org.openqa.selenium.remote.RemoteWebElement.execute(RemoteWebElement.java:285)
at org.openqa.selenium.remote.RemoteWebElement.click(RemoteWebElement.java:84)
at sun.reflect.GeneratedMethodAccessor1.invoke(Unknown Source)
at sun.reflect.DelegatingMethodAccessorImpl.invoke(Unknown Source)
at java.lang.reflect.Method.invoke(Unknown Source)
at org.openqa.selenium.support.pagefactory.internal.LocatingElementHandler.invoke(LocatingElementHandler.java:51)
at com.sun.proxy.$Proxy9.click(Unknown Source)
at pom.Auro_SignUp_Page.clickEmailTextfield(Auro_SignUp_Page.java:57)
at testscript.Run_Mummy_Payment.select_LoseWeight_Beginner_Spin_Availoffer_Dothe_Payment_Entering_Credentials_Error_while_processing_the_card(Run_Mummy_Payment.java:199)
at sun.reflect.GeneratedMethodAccessor5.invoke(Unknown Source)
at sun.reflect.DelegatingMethodAccessorImpl.invoke(Unknown Source)
at java.lang.reflect.Method.invoke(Unknown Source)
at org.testng.internal.MethodInvocationHelper.invokeMethod(MethodInvocationHelper.java:135)
at org.testng.internal.TestInvoker.invokeMethod(TestInvoker.java:598)
at org.testng.internal.TestInvoker.invokeTestMethod(TestInvoker.java:174)
at org.testng.internal.MethodRunner.runInSequence(MethodRunner.java:46)
at org.testng.internal.TestInvoker$MethodInvocationAgent.invoke(TestInvoker.java:821)
at org.testng.internal.TestInvoker.invokeTestMethods(TestInvoker.java:147)
at org.testng.internal.TestMethodWorker.invokeTestMethods(TestMethodWorker.java:146)
at org.testng.internal.TestMethodWorker.run(TestMethodWorker.java:128)
at java.util.ArrayList.forEach(Unknown Source)
at org.testng.TestRunner.privateRun(TestRunner.java:767)
at org.testng.TestRunner.run(TestRunner.java:588)
at org.testng.SuiteRunner.runTest(SuiteRunner.java:384)
at org.testng.SuiteRunner.runSequentially(SuiteRunner.java:378)
at org.testng.SuiteRunner.privateRun(SuiteRunner.java:337)
at org.testng.SuiteRunner.run(SuiteRunner.java:286)
at org.testng.SuiteRunnerWorker.runSuite(SuiteRunnerWorker.java:53)
at org.testng.SuiteRunnerWorker.run(SuiteRunnerWorker.java:96)
at org.testng.TestNG.runSuitesSequentially(TestNG.java:1214)
at org.testng.TestNG.runSuitesLocally(TestNG.java:1136)
at org.testng.TestNG.runSuites(TestNG.java:1066)
at org.testng.TestNG.run(TestNG.java:1034)
at org.testng.remote.AbstractRemoteTestNG.run(AbstractRemoteTestNG.java:115)
at org.testng.remote.RemoteTestNG.initAndRun(RemoteTestNG.java:251)
at org.testng.remote.RemoteTestNG.main(RemoteTestNG.java:77)
]]>
            </full-stacktrace>
          </exception> <!-- org.openqa.selenium.WebDriverException -->
          <reporter-output>
          </reporter-output>
        </test-method> <!-- select_LoseWeight_Beginner_Spin_Availoffer_Dothe_Payment_Entering_Credentials_Error_while_processing_the_card -->
        <test-method status="PASS" signature="closeApplication(org.testng.ITestResult)[pri:0, instance:testscript.Run_Mummy_Payment@47eaca72]" name="closeApplication" is-config="true" duration-ms="21604" started-at="2020-10-21T15:23:42 IST" finished-at="2020-10-21T15:24:04 IST">
          <params>
            <param index="0">
              <value>
                <![CDATA[[TestResult name=select_LoseWeight_Beginner_Spin_Availoffer_Dothe_Payment_Entering_Credentials_Error_while_processing_the_card status=FAILURE method=Run_Mummy_Payment.select_LoseWeight_Beginner_Spin_Availoffer_Dothe_Payment_Entering_Credentials_Error_while_processing_the_card()[pri:0, instance:testscript.Run_Mummy_Payment@47eaca72] output={null}]]]>
              </value>
            </param>
          </params>
          <reporter-output>
          </reporter-output>
        </test-method> <!-- closeApplication -->
        <test-method status="PASS" signature="openApplication()[pri:0, instance:testscript.Run_Mummy_Payment@47eaca72]" name="openApplication" is-config="true" duration-ms="24902" started-at="2020-10-21T15:24:04 IST" finished-at="2020-10-21T15:24:28 IST">
          <reporter-output>
          </reporter-output>
        </test-method> <!-- openApplication -->
        <test-method status="PASS" signature="select_LoseWeight_Beginner_Spin_Availoffer_Dothe_Payment_Entering_Credentials_Error_while_processing_the_card()[pri:0, instance:testscript.Run_Mummy_Payment@47eaca72]" name="select_LoseWeight_Beginner_Spin_Availoffer_Dothe_Payment_Entering_Credentials_Error_while_processing_the_card" duration-ms="25095" started-at="2020-10-21T15:24:28 IST" finished-at="2020-10-21T15:24:54 IST">
          <reporter-output>
          </reporter-output>
        </test-method> <!-- select_LoseWeight_Beginner_Spin_Availoffer_Dothe_Payment_Entering_Credentials_Error_while_processing_the_card -->
        <test-method status="PASS" signature="closeApplication(org.testng.ITestResult)[pri:0, instance:testscript.Run_Mummy_Payment@47eaca72]" name="closeApplication" is-config="true" duration-ms="1159" started-at="2020-10-21T15:24:54 IST" finished-at="2020-10-21T15:24:55 IST">
          <params>
            <param index="0">
              <value>
                <![CDATA[[TestResult name=select_LoseWeight_Beginner_Spin_Availoffer_Dothe_Payment_Entering_Credentials_Error_while_processing_the_card status=SUCCESS method=Run_Mummy_Payment.select_LoseWeight_Beginner_Spin_Availoffer_Dothe_Payment_Entering_Credentials_Error_while_processing_the_card()[pri:0, instance:testscript.Run_Mummy_Payment@47eaca72] output={null}]]]>
              </value>
            </param>
          </params>
          <reporter-output>
          </reporter-output>
        </test-method> <!-- closeApplication -->
        <test-method status="PASS" signature="openApplication()[pri:0, instance:testscript.Run_Mummy_Payment@47eaca72]" name="openApplication" is-config="true" duration-ms="23349" started-at="2020-10-21T15:24:55 IST" finished-at="2020-10-21T15:25:18 IST">
          <reporter-output>
          </reporter-output>
        </test-method> <!-- openApplication -->
        <test-method status="PASS" signature="select_LoseWeight_Beginner_Spin_Availoffer_Dothe_Payment_Entering_Credentials_Error_while_processing_the_card()[pri:0, instance:testscript.Run_Mummy_Payment@47eaca72]" name="select_LoseWeight_Beginner_Spin_Availoffer_Dothe_Payment_Entering_Credentials_Error_while_processing_the_card" duration-ms="24715" started-at="2020-10-21T15:25:18 IST" finished-at="2020-10-21T15:25:43 IST">
          <reporter-output>
          </reporter-output>
        </test-method> <!-- select_LoseWeight_Beginner_Spin_Availoffer_Dothe_Payment_Entering_Credentials_Error_while_processing_the_card -->
        <test-method status="PASS" signature="closeApplication(org.testng.ITestResult)[pri:0, instance:testscript.Run_Mummy_Payment@47eaca72]" name="closeApplication" is-config="true" duration-ms="825" started-at="2020-10-21T15:25:43 IST" finished-at="2020-10-21T15:25:44 IST">
          <params>
            <param index="0">
              <value>
                <![CDATA[[TestResult name=select_LoseWeight_Beginner_Spin_Availoffer_Dothe_Payment_Entering_Credentials_Error_while_processing_the_card status=SUCCESS method=Run_Mummy_Payment.select_LoseWeight_Beginner_Spin_Availoffer_Dothe_Payment_Entering_Credentials_Error_while_processing_the_card()[pri:0, instance:testscript.Run_Mummy_Payment@47eaca72] output={null}]]]>
              </value>
            </param>
          </params>
          <reporter-output>
          </reporter-output>
        </test-method> <!-- closeApplication -->
        <test-method status="PASS" signature="openApplication()[pri:0, instance:testscript.Run_Mummy_Payment@47eaca72]" name="openApplication" is-config="true" duration-ms="26490" started-at="2020-10-21T15:25:44 IST" finished-at="2020-10-21T15:26:10 IST">
          <reporter-output>
          </reporter-output>
        </test-method> <!-- openApplication -->
        <test-method status="PASS" signature="select_LoseWeight_Beginner_Spin_Availoffer_Dothe_Payment_Entering_Credentials_Error_while_processing_the_card()[pri:0, instance:testscript.Run_Mummy_Payment@47eaca72]" name="select_LoseWeight_Beginner_Spin_Availoffer_Dothe_Payment_Entering_Credentials_Error_while_processing_the_card" duration-ms="22589" started-at="2020-10-21T15:26:10 IST" finished-at="2020-10-21T15:26:33 IST">
          <reporter-output>
          </reporter-output>
        </test-method> <!-- select_LoseWeight_Beginner_Spin_Availoffer_Dothe_Payment_Entering_Credentials_Error_while_processing_the_card -->
        <test-method status="PASS" signature="closeApplication(org.testng.ITestResult)[pri:0, instance:testscript.Run_Mummy_Payment@47eaca72]" name="closeApplication" is-config="true" duration-ms="1122" started-at="2020-10-21T15:26:33 IST" finished-at="2020-10-21T15:26:34 IST">
          <params>
            <param index="0">
              <value>
                <![CDATA[[TestResult name=select_LoseWeight_Beginner_Spin_Availoffer_Dothe_Payment_Entering_Credentials_Error_while_processing_the_card status=SUCCESS method=Run_Mummy_Payment.select_LoseWeight_Beginner_Spin_Availoffer_Dothe_Payment_Entering_Credentials_Error_while_processing_the_card()[pri:0, instance:testscript.Run_Mummy_Payment@47eaca72] output={null}]]]>
              </value>
            </param>
          </params>
          <reporter-output>
          </reporter-output>
        </test-method> <!-- closeApplication -->
        <test-method status="PASS" signature="openApplication()[pri:0, instance:testscript.Run_Mummy_Payment@47eaca72]" name="openApplication" is-config="true" duration-ms="20732" started-at="2020-10-21T15:26:34 IST" finished-at="2020-10-21T15:26:55 IST">
          <reporter-output>
          </reporter-output>
        </test-method> <!-- openApplication -->
        <test-method status="PASS" signature="select_LoseWeight_Beginner_Spin_Availoffer_Dothe_Payment_Entering_Credentials_Error_while_processing_the_card()[pri:0, instance:testscript.Run_Mummy_Payment@47eaca72]" name="select_LoseWeight_Beginner_Spin_Availoffer_Dothe_Payment_Entering_Credentials_Error_while_processing_the_card" duration-ms="25651" started-at="2020-10-21T15:26:55 IST" finished-at="2020-10-21T15:27:20 IST">
          <reporter-output>
          </reporter-output>
        </test-method> <!-- select_LoseWeight_Beginner_Spin_Availoffer_Dothe_Payment_Entering_Credentials_Error_while_processing_the_card -->
        <test-method status="PASS" signature="closeApplication(org.testng.ITestResult)[pri:0, instance:testscript.Run_Mummy_Payment@47eaca72]" name="closeApplication" is-config="true" duration-ms="803" started-at="2020-10-21T15:27:20 IST" finished-at="2020-10-21T15:27:21 IST">
          <params>
            <param index="0">
              <value>
                <![CDATA[[TestResult name=select_LoseWeight_Beginner_Spin_Availoffer_Dothe_Payment_Entering_Credentials_Error_while_processing_the_card status=SUCCESS method=Run_Mummy_Payment.select_LoseWeight_Beginner_Spin_Availoffer_Dothe_Payment_Entering_Credentials_Error_while_processing_the_card()[pri:0, instance:testscript.Run_Mummy_Payment@47eaca72] output={null}]]]>
              </value>
            </param>
          </params>
          <reporter-output>
          </reporter-output>
        </test-method> <!-- closeApplication -->
        <test-method status="PASS" signature="openApplication()[pri:0, instance:testscript.Run_Mummy_Payment@47eaca72]" name="openApplication" is-config="true" duration-ms="41726" started-at="2020-10-21T15:27:21 IST" finished-at="2020-10-21T15:28:03 IST">
          <reporter-output>
          </reporter-output>
        </test-method> <!-- openApplication -->
        <test-method status="PASS" signature="select_LoseWeight_Beginner_Spin_Availoffer_Dothe_Payment_Entering_Credentials_Error_while_processing_the_card()[pri:0, instance:testscript.Run_Mummy_Payment@47eaca72]" name="select_LoseWeight_Beginner_Spin_Availoffer_Dothe_Payment_Entering_Credentials_Error_while_processing_the_card" duration-ms="39817" started-at="2020-10-21T15:28:03 IST" finished-at="2020-10-21T15:28:43 IST">
          <reporter-output>
          </reporter-output>
        </test-method> <!-- select_LoseWeight_Beginner_Spin_Availoffer_Dothe_Payment_Entering_Credentials_Error_while_processing_the_card -->
        <test-method status="PASS" signature="closeApplication(org.testng.ITestResult)[pri:0, instance:testscript.Run_Mummy_Payment@47eaca72]" name="closeApplication" is-config="true" duration-ms="16928" started-at="2020-10-21T15:28:43 IST" finished-at="2020-10-21T15:28:59 IST">
          <params>
            <param index="0">
              <value>
                <![CDATA[[TestResult name=select_LoseWeight_Beginner_Spin_Availoffer_Dothe_Payment_Entering_Credentials_Error_while_processing_the_card status=SUCCESS method=Run_Mummy_Payment.select_LoseWeight_Beginner_Spin_Availoffer_Dothe_Payment_Entering_Credentials_Error_while_processing_the_card()[pri:0, instance:testscript.Run_Mummy_Payment@47eaca72] output={null}]]]>
              </value>
            </param>
          </params>
          <reporter-output>
          </reporter-output>
        </test-method> <!-- closeApplication -->
        <test-method status="PASS" signature="openApplication()[pri:0, instance:testscript.Run_Mummy_Payment@47eaca72]" name="openApplication" is-config="true" duration-ms="43899" started-at="2020-10-21T15:28:59 IST" finished-at="2020-10-21T15:29:43 IST">
          <reporter-output>
          </reporter-output>
        </test-method> <!-- openApplication -->
        <test-method status="PASS" signature="select_LoseWeight_Beginner_Spin_Availoffer_Dothe_Payment_Entering_Credentials_Error_while_processing_the_card()[pri:0, instance:testscript.Run_Mummy_Payment@47eaca72]" name="select_LoseWeight_Beginner_Spin_Availoffer_Dothe_Payment_Entering_Credentials_Error_while_processing_the_card" duration-ms="34455" started-at="2020-10-21T15:29:43 IST" finished-at="2020-10-21T15:30:18 IST">
          <reporter-output>
          </reporter-output>
        </test-method> <!-- select_LoseWeight_Beginner_Spin_Availoffer_Dothe_Payment_Entering_Credentials_Error_while_processing_the_card -->
        <test-method status="PASS" signature="closeApplication(org.testng.ITestResult)[pri:0, instance:testscript.Run_Mummy_Payment@47eaca72]" name="closeApplication" is-config="true" duration-ms="5190" started-at="2020-10-21T15:30:18 IST" finished-at="2020-10-21T15:30:23 IST">
          <params>
            <param index="0">
              <value>
                <![CDATA[[TestResult name=select_LoseWeight_Beginner_Spin_Availoffer_Dothe_Payment_Entering_Credentials_Error_while_processing_the_card status=SUCCESS method=Run_Mummy_Payment.select_LoseWeight_Beginner_Spin_Availoffer_Dothe_Payment_Entering_Credentials_Error_while_processing_the_card()[pri:0, instance:testscript.Run_Mummy_Payment@47eaca72] output={null}]]]>
              </value>
            </param>
          </params>
          <reporter-output>
          </reporter-output>
        </test-method> <!-- closeApplication -->
        <test-method status="PASS" signature="openApplication()[pri:0, instance:testscript.Run_Mummy_Payment@47eaca72]" name="openApplication" is-config="true" duration-ms="27507" started-at="2020-10-21T15:30:23 IST" finished-at="2020-10-21T15:30:51 IST">
          <reporter-output>
          </reporter-output>
        </test-method> <!-- openApplication -->
        <test-method status="PASS" signature="select_LoseWeight_Beginner_Spin_Availoffer_Dothe_Payment_Entering_Credentials_Error_while_processing_the_card()[pri:0, instance:testscript.Run_Mummy_Payment@47eaca72]" name="select_LoseWeight_Beginner_Spin_Availoffer_Dothe_Payment_Entering_Credentials_Error_while_processing_the_card" duration-ms="37376" started-at="2020-10-21T15:30:51 IST" finished-at="2020-10-21T15:31:28 IST">
          <reporter-output>
          </reporter-output>
        </test-method> <!-- select_LoseWeight_Beginner_Spin_Availoffer_Dothe_Payment_Entering_Credentials_Error_while_processing_the_card -->
        <test-method status="PASS" signature="closeApplication(org.testng.ITestResult)[pri:0, instance:testscript.Run_Mummy_Payment@47eaca72]" name="closeApplication" is-config="true" duration-ms="8712" started-at="2020-10-21T15:31:28 IST" finished-at="2020-10-21T15:31:37 IST">
          <params>
            <param index="0">
              <value>
                <![CDATA[[TestResult name=select_LoseWeight_Beginner_Spin_Availoffer_Dothe_Payment_Entering_Credentials_Error_while_processing_the_card status=SUCCESS method=Run_Mummy_Payment.select_LoseWeight_Beginner_Spin_Availoffer_Dothe_Payment_Entering_Credentials_Error_while_processing_the_card()[pri:0, instance:testscript.Run_Mummy_Payment@47eaca72] output={null}]]]>
              </value>
            </param>
          </params>
          <reporter-output>
          </reporter-output>
        </test-method> <!-- closeApplication -->
        <test-method status="PASS" signature="openApplication()[pri:0, instance:testscript.Run_Mummy_Payment@47eaca72]" name="openApplication" is-config="true" duration-ms="27501" started-at="2020-10-21T15:31:37 IST" finished-at="2020-10-21T15:32:04 IST">
          <reporter-output>
          </reporter-output>
        </test-method> <!-- openApplication -->
        <test-method status="PASS" signature="select_LoseWeight_Beginner_Spin_Availoffer_Dothe_Payment_Entering_Credentials_Error_while_processing_the_card()[pri:0, instance:testscript.Run_Mummy_Payment@47eaca72]" name="select_LoseWeight_Beginner_Spin_Availoffer_Dothe_Payment_Entering_Credentials_Error_while_processing_the_card" duration-ms="38146" started-at="2020-10-21T15:32:04 IST" finished-at="2020-10-21T15:32:42 IST">
          <reporter-output>
          </reporter-output>
        </test-method> <!-- select_LoseWeight_Beginner_Spin_Availoffer_Dothe_Payment_Entering_Credentials_Error_while_processing_the_card -->
        <test-method status="PASS" signature="closeApplication(org.testng.ITestResult)[pri:0, instance:testscript.Run_Mummy_Payment@47eaca72]" name="closeApplication" is-config="true" duration-ms="6165" started-at="2020-10-21T15:32:42 IST" finished-at="2020-10-21T15:32:48 IST">
          <params>
            <param index="0">
              <value>
                <![CDATA[[TestResult name=select_LoseWeight_Beginner_Spin_Availoffer_Dothe_Payment_Entering_Credentials_Error_while_processing_the_card status=SUCCESS method=Run_Mummy_Payment.select_LoseWeight_Beginner_Spin_Availoffer_Dothe_Payment_Entering_Credentials_Error_while_processing_the_card()[pri:0, instance:testscript.Run_Mummy_Payment@47eaca72] output={null}]]]>
              </value>
            </param>
          </params>
          <reporter-output>
          </reporter-output>
        </test-method> <!-- closeApplication -->
        <test-method status="PASS" signature="openApplication()[pri:0, instance:testscript.Run_Mummy_Payment@47eaca72]" name="openApplication" is-config="true" duration-ms="31387" started-at="2020-10-21T15:32:48 IST" finished-at="2020-10-21T15:33:20 IST">
          <reporter-output>
          </reporter-output>
        </test-method> <!-- openApplication -->
        <test-method status="PASS" signature="select_LoseWeight_Beginner_Spin_Availoffer_Dothe_Payment_Entering_Credentials_Error_while_processing_the_card()[pri:0, instance:testscript.Run_Mummy_Payment@47eaca72]" name="select_LoseWeight_Beginner_Spin_Availoffer_Dothe_Payment_Entering_Credentials_Error_while_processing_the_card" duration-ms="27717" started-at="2020-10-21T15:33:20 IST" finished-at="2020-10-21T15:33:48 IST">
          <reporter-output>
          </reporter-output>
        </test-method> <!-- select_LoseWeight_Beginner_Spin_Availoffer_Dothe_Payment_Entering_Credentials_Error_while_processing_the_card -->
        <test-method status="PASS" signature="closeApplication(org.testng.ITestResult)[pri:0, instance:testscript.Run_Mummy_Payment@47eaca72]" name="closeApplication" is-config="true" duration-ms="3697" started-at="2020-10-21T15:33:48 IST" finished-at="2020-10-21T15:33:51 IST">
          <params>
            <param index="0">
              <value>
                <![CDATA[[TestResult name=select_LoseWeight_Beginner_Spin_Availoffer_Dothe_Payment_Entering_Credentials_Error_while_processing_the_card status=SUCCESS method=Run_Mummy_Payment.select_LoseWeight_Beginner_Spin_Availoffer_Dothe_Payment_Entering_Credentials_Error_while_processing_the_card()[pri:0, instance:testscript.Run_Mummy_Payment@47eaca72] output={null}]]]>
              </value>
            </param>
          </params>
          <reporter-output>
          </reporter-output>
        </test-method> <!-- closeApplication -->
        <test-method status="PASS" signature="openApplication()[pri:0, instance:testscript.Run_Mummy_Payment@47eaca72]" name="openApplication" is-config="true" duration-ms="35526" started-at="2020-10-21T15:33:51 IST" finished-at="2020-10-21T15:34:27 IST">
          <reporter-output>
          </reporter-output>
        </test-method> <!-- openApplication -->
        <test-method status="PASS" signature="select_LoseWeight_Beginner_Spin_Availoffer_Dothe_Payment_Entering_Credentials_Error_while_processing_the_card()[pri:0, instance:testscript.Run_Mummy_Payment@47eaca72]" name="select_LoseWeight_Beginner_Spin_Availoffer_Dothe_Payment_Entering_Credentials_Error_while_processing_the_card" duration-ms="29162" started-at="2020-10-21T15:34:27 IST" finished-at="2020-10-21T15:34:56 IST">
          <reporter-output>
          </reporter-output>
        </test-method> <!-- select_LoseWeight_Beginner_Spin_Availoffer_Dothe_Payment_Entering_Credentials_Error_while_processing_the_card -->
        <test-method status="PASS" signature="closeApplication(org.testng.ITestResult)[pri:0, instance:testscript.Run_Mummy_Payment@47eaca72]" name="closeApplication" is-config="true" duration-ms="2985" started-at="2020-10-21T15:34:56 IST" finished-at="2020-10-21T15:34:59 IST">
          <params>
            <param index="0">
              <value>
[...]
          <exception class="org.openqa.selenium.WebDriverException">
            <message>
              <![CDATA[disconnected: Unable to receive message from renderer
  (Session info: chrome=86.0.4240.75)
Build info: version: '3.141.59', revision: 'e82be7d358', time: '2018-11-14T08:25:53'
System info: host: 'DESKTOP-M2K5DOK', ip: '192.168.1.100', os.name: 'Windows 10', os.arch: 'amd64', os.version: '10.0', java.version: '1.8.0_241'
Driver info: org.openqa.selenium.chrome.ChromeDriver
Capabilities {acceptInsecureCerts: false, browserName: chrome, browserVersion: 86.0.4240.75, chrome: {chromedriverVersion: 85.0.4183.87 (cd6713ebf92fa..., userDataDir: C:\Users\aa\AppData\Local\T...}, goog:chromeOptions: {debuggerAddress: localhost:52973}, javascriptEnabled: true, networkConnectionEnabled: false, pageLoadStrategy: normal, platform: WINDOWS, platformName: WINDOWS, proxy: Proxy(), setWindowRect: true, strictFileInteractability: false, timeouts: {implicit: 0, pageLoad: 300000, script: 30000}, unhandledPromptBehavior: dismiss and notify, webauthn:virtualAuthenticators: true}
Session ID: 1ba0da8d18129c6d54319c5a7903d6ec]]>
            </message>
            <full-stacktrace>
              <![CDATA[org.openqa.selenium.WebDriverException: disconnected: Unable to receive message from renderer
  (Session info: chrome=86.0.4240.75)
Build info: version: '3.141.59', revision: 'e82be7d358', time: '2018-11-14T08:25:53'
System info: host: 'DESKTOP-M2K5DOK', ip: '192.168.1.100', os.name: 'Windows 10', os.arch: 'amd64', os.version: '10.0', java.version: '1.8.0_241'
Driver info: org.openqa.selenium.chrome.ChromeDriver
Capabilities {acceptInsecureCerts: false, browserName: chrome, browserVersion: 86.0.4240.75, chrome: {chromedriverVersion: 85.0.4183.87 (cd6713ebf92fa..., userDataDir: C:\Users\aa\AppData\Local\T...}, goog:chromeOptions: {debuggerAddress: localhost:52973}, javascriptEnabled: true, networkConnectionEnabled: false, pageLoadStrategy: normal, platform: WINDOWS, platformName: WINDOWS, proxy: Proxy(), setWindowRect: true, strictFileInteractability: false, timeouts: {implicit: 0, pageLoad: 300000, script: 30000}, unhandledPromptBehavior: dismiss and notify, webauthn:virtualAuthenticators: true}
Session ID: 1ba0da8d18129c6d54319c5a7903d6ec
at sun.reflect.NativeConstructorAccessorImpl.newInstance0(Native Method)
at sun.reflect.NativeConstructorAccessorImpl.newInstance(Unknown Source)
at sun.reflect.DelegatingConstructorAccessorImpl.newInstance(Unknown Source)
at java.lang.reflect.Constructor.newInstance(Unknown Source)
at org.openqa.selenium.remote.http.W3CHttpResponseCodec.createException(W3CHttpResponseCodec.java:187)
at org.openqa.selenium.remote.http.W3CHttpResponseCodec.decode(W3CHttpResponseCodec.java:122)
at org.openqa.selenium.remote.http.W3CHttpResponseCodec.decode(W3CHttpResponseCodec.java:49)
at org.openqa.selenium.remote.HttpCommandExecutor.execute(HttpCommandExecutor.java:158)
at org.openqa.selenium.remote.service.DriverCommandExecutor.execute(DriverCommandExecutor.java:83)
at org.openqa.selenium.remote.RemoteWebDriver.execute(RemoteWebDriver.java:552)
at org.openqa.selenium.remote.RemoteWebDriver.get(RemoteWebDriver.java:277)
at generic.Precondition.openApplication(Precondition.java:25)
at sun.reflect.GeneratedMethodAccessor4.invoke(Unknown Source)
at sun.reflect.DelegatingMethodAccessorImpl.invoke(Unknown Source)
at java.lang.reflect.Method.invoke(Unknown Source)
at org.testng.internal.MethodInvocationHelper.invokeMethod(MethodInvocationHelper.java:135)
at org.testng.internal.MethodInvocationHelper.invokeMethodConsideringTimeout(MethodInvocationHelper.java:64)
at org.testng.internal.ConfigInvoker.invokeConfigurationMethod(ConfigInvoker.java:364)
at org.testng.internal.ConfigInvoker.invokeConfigurations(ConfigInvoker.java:318)
at org.testng.internal.TestInvoker.runConfigMethods(TestInvoker.java:700)
at org.testng.internal.TestInvoker.invokeMethod(TestInvoker.java:527)
at org.testng.internal.TestInvoker.invokeTestMethod(TestInvoker.java:174)
at org.testng.internal.MethodRunner.runInSequence(MethodRunner.java:46)
at org.testng.internal.TestInvoker$MethodInvocationAgent.invoke(TestInvoker.java:821)
at org.testng.internal.TestInvoker.invokeTestMethods(TestInvoker.java:147)
at org.testng.internal.TestMethodWorker.invokeTestMethods(TestMethodWorker.java:146)
at org.testng.internal.TestMethodWorker.run(TestMethodWorker.java:128)
at java.util.ArrayList.forEach(Unknown Source)
at org.testng.TestRunner.privateRun(TestRunner.java:767)
at org.testng.TestRunner.run(TestRunner.java:588)
at org.testng.SuiteRunner.runTest(SuiteRunner.java:384)
at org.testng.SuiteRunner.runSequentially(SuiteRunner.java:378)
at org.testng.SuiteRunner.privateRun(SuiteRunner.java:337)
at org.testng.SuiteRunner.run(SuiteRunner.java:286)
at org.testng.SuiteRunnerWorker.runSuite(SuiteRunnerWorker.java:53)
at org.testng.SuiteRunnerWorker.run(SuiteRunnerWorker.java:96)
at org.testng.TestNG.runSuitesSequentially(TestNG.java:1214)
at org.testng.TestNG.runSuitesLocally(TestNG.java:1136)
at org.testng.TestNG.runSuites(TestNG.java:1066)
at org.testng.TestNG.run(TestNG.java:1034)
at org.testng.remote.AbstractRemoteTestNG.run(AbstractRemoteTestNG.java:115)
at org.testng.remote.RemoteTestNG.initAndRun(RemoteTestNG.java:251)
at org.testng.remote.RemoteTestNG.main(RemoteTestNG.java:77)
]]>
            </full-stacktrace>
          </exception> <!-- org.openqa.selenium.WebDriverException -->
          <reporter-output>
          </reporter-output>
        </test-method> <!-- select_LoseWeight_Beginner_Spin_Availoffer_Dothe_Payment_Entering_Credentials_Error_while_processing_the_card -->
        <test-method status="SKIP" signature="closeApplication(org.testng.ITestResult)[pri:0, instance:testscript.Run_Mummy_Payment@47eaca72]" name="closeApplication" is-config="true" duration-ms="-1603275756293" started-at="2020-10-21T15:52:36 IST" finished-at="1970-01-01T05:30:00 IST">
          <reporter-output>
          </reporter-output>
        </test-method> <!-- closeApplication -->
        <test-method status="SKIP" signature="select_LoseWeight_Beginner_Spin_Availoffer_Dothe_Payment_Entering_Credentials_Error_while_processing_the_card()[pri:0, instance:testscript.Run_Mummy_Payment@47eaca72]" name="select_LoseWeight_Beginner_Spin_Availoffer_Dothe_Payment_Entering_Credentials_Error_while_processing_the_card" duration-ms="0" started-at="2020-10-21T15:52:36 IST" finished-at="2020-10-21T15:52:36 IST">
          <exception class="org.openqa.selenium.WebDriverException">
            <message>
              <![CDATA[disconnected: Unable to receive message from renderer
  (Session info: chrome=86.0.4240.75)
Build info: version: '3.141.59', revision: 'e82be7d358', time: '2018-11-14T08:25:53'
System info: host: 'DESKTOP-M2K5DOK', ip: '192.168.1.100', os.name: 'Windows 10', os.arch: 'amd64', os.version: '10.0', java.version: '1.8.0_241'
Driver info: org.openqa.selenium.chrome.ChromeDriver
Capabilities {acceptInsecureCerts: false, browserName: chrome, browserVersion: 86.0.4240.75, chrome: {chromedriverVersion: 85.0.4183.87 (cd6713ebf92fa..., userDataDir: C:\Users\aa\AppData\Local\T...}, goog:chromeOptions: {debuggerAddress: localhost:52973}, javascriptEnabled: true, networkConnectionEnabled: false, pageLoadStrategy: normal, platform: WINDOWS, platformName: WINDOWS, proxy: Proxy(), setWindowRect: true, strictFileInteractability: false, timeouts: {implicit: 0, pageLoad: 300000, script: 30000}, unhandledPromptBehavior: dismiss and notify, webauthn:virtualAuthenticators: true}
Session ID: 1ba0da8d18129c6d54319c5a7903d6ec]]>
            </message>
            <full-stacktrace>
              <![CDATA[org.openqa.selenium.WebDriverException: disconnected: Unable to receive message from renderer
  (Session info: chrome=86.0.4240.75)
Build info: version: '3.141.59', revision: 'e82be7d358', time: '2018-11-14T08:25:53'
System info: host: 'DESKTOP-M2K5DOK', ip: '192.168.1.100', os.name: 'Windows 10', os.arch: 'amd64', os.version: '10.0', java.version: '1.8.0_241'
Driver info: org.openqa.selenium.chrome.ChromeDriver
Capabilities {acceptInsecureCerts: false, browserName: chrome, browserVersion: 86.0.4240.75, chrome: {chromedriverVersion: 85.0.4183.87 (cd6713ebf92fa..., userDataDir: C:\Users\aa\AppData\Local\T...}, goog:chromeOptions: {debuggerAddress: localhost:52973}, javascriptEnabled: true, networkConnectionEnabled: false, pageLoadStrategy: normal, platform: WINDOWS, platformName: WINDOWS, proxy: Proxy(), setWindowRect: true, strictFileInteractability: false, timeouts: {implicit: 0, pageLoad: 300000, script: 30000}, unhandledPromptBehavior: dismiss and notify, webauthn:virtualAuthenticators: true}
Session ID: 1ba0da8d18129c6d54319c5a7903d6ec
at sun.reflect.NativeConstructorAccessorImpl.newInstance0(Native Method)
at sun.reflect.NativeConstructorAccessorImpl.newInstance(Unknown Source)
at sun.reflect.DelegatingConstructorAccessorImpl.newInstance(Unknown Source)
at java.lang.reflect.Constructor.newInstance(Unknown Source)
at org.openqa.selenium.remote.http.W3CHttpResponseCodec.createException(W3CHttpResponseCodec.java:187)
at org.openqa.selenium.remote.http.W3CHttpResponseCodec.decode(W3CHttpResponseCodec.java:122)
at org.openqa.selenium.remote.http.W3CHttpResponseCodec.decode(W3CHttpResponseCodec.java:49)
at org.openqa.selenium.remote.HttpCommandExecutor.execute(HttpCommandExecutor.java:158)
at org.openqa.selenium.remote.service.DriverCommandExecutor.execute(DriverCommandExecutor.java:83)
at org.openqa.selenium.remote.RemoteWebDriver.execute(RemoteWebDriver.java:552)
at org.openqa.selenium.remote.RemoteWebDriver.get(RemoteWebDriver.java:277)
at generic.Precondition.openApplication(Precondition.java:25)
at sun.reflect.GeneratedMethodAccessor4.invoke(Unknown Source)
at sun.reflect.DelegatingMethodAccessorImpl.invoke(Unknown Source)
at java.lang.reflect.Method.invoke(Unknown Source)
at org.testng.internal.MethodInvocationHelper.invokeMethod(MethodInvocationHelper.java:135)
at org.testng.internal.MethodInvocationHelper.invokeMethodConsideringTimeout(MethodInvocationHelper.java:64)
at org.testng.internal.ConfigInvoker.invokeConfigurationMethod(ConfigInvoker.java:364)
at org.testng.internal.ConfigInvoker.invokeConfigurations(ConfigInvoker.java:318)
at org.testng.internal.TestInvoker.runConfigMethods(TestInvoker.java:700)
at org.testng.internal.TestInvoker.invokeMethod(TestInvoker.java:527)
at org.testng.internal.TestInvoker.invokeTestMethod(TestInvoker.java:174)
at org.testng.internal.MethodRunner.runInSequence(MethodRunner.java:46)
at org.testng.internal.TestInvoker$MethodInvocationAgent.invoke(TestInvoker.java:821)
at org.testng.internal.TestInvoker.invokeTestMethods(TestInvoker.java:147)
at org.testng.internal.TestMethodWorker.invokeTestMethods(TestMethodWorker.java:146)
at org.testng.internal.TestMethodWorker.run(TestMethodWorker.java:128)
at java.util.ArrayList.forEach(Unknown Source)
at org.testng.TestRunner.privateRun(TestRunner.java:767)
at org.testng.TestRunner.run(TestRunner.java:588)
at org.testng.SuiteRunner.runTest(SuiteRunner.java:384)
at org.testng.SuiteRunner.runSequentially(SuiteRunner.java:378)
at org.testng.SuiteRunner.privateRun(SuiteRunner.java:337)
at org.testng.SuiteRunner.run(SuiteRunner.java:286)
at org.testng.SuiteRunnerWorker.runSuite(SuiteRunnerWorker.java:53)
at org.testng.SuiteRunnerWorker.run(SuiteRunnerWorker.java:96)
at org.testng.TestNG.runSuitesSequentially(TestNG.java:1214)
at org.testng.TestNG.runSuitesLocally(TestNG.java:1136)
at org.testng.TestNG.runSuites(TestNG.java:1066)
at org.testng.TestNG.run(TestNG.java:1034)
at org.testng.remote.AbstractRemoteTestNG.run(AbstractRemoteTestNG.java:115)
at org.testng.remote.RemoteTestNG.initAndRun(RemoteTestNG.java:251)
at org.testng.remote.RemoteTestNG.main(RemoteTestNG.java:77)
]]>
            </full-stacktrace>
          </exception> <!-- org.openqa.selenium.WebDriverException -->
          <reporter-output>
          </reporter-output>
        </test-method> <!-- select_LoseWeight_Beginner_Spin_Availoffer_Dothe_Payment_Entering_Credentials_Error_while_processing_the_card -->
        <test-method status="SKIP" signature="openApplication()[pri:0, instance:testscript.Run_Mummy_Payment@47eaca72]" name="openApplication" is-config="true" duration-ms="-1603275756294" started-at="2020-10-21T15:52:36 IST" finished-at="1970-01-01T05:30:00 IST">
          <reporter-output>
          </reporter-output>
        </test-method> <!-- openApplication -->
        <test-method status="SKIP" signature="openApplication()[pri:0, instance:testscript.Run_Mummy_Payment@47eaca72]" name="openApplication" is-config="true" duration-ms="-1603275756296" started-at="2020-10-21T15:52:36 IST" finished-at="1970-01-01T05:30:00 IST">
          <reporter-output>
          </reporter-output>
        </test-method> <!-- openApplication -->
        <test-method status="SKIP" signature="closeApplication(org.testng.ITestResult)[pri:0, instance:testscript.Run_Mummy_Payment@47eaca72]" name="closeApplication" is-config="true" duration-ms="-1603275756296" started-at="2020-10-21T15:52:36 IST" finished-at="1970-01-01T05:30:00 IST">
          <reporter-output>
          </reporter-output>
        </test-method> <!-- closeApplication -->
        <test-method status="SKIP" signature="select_LoseWeight_Beginner_Spin_Availoffer_Dothe_Payment_Entering_Credentials_Error_while_processing_the_card()[pri:0, instance:testscript.Run_Mummy_Payment@47eaca72]" name="select_LoseWeight_Beginner_Spin_Availoffer_Dothe_Payment_Entering_Credentials_Error_while_processing_the_card" duration-ms="0" started-at="2020-10-21T15:52:36 IST" finished-at="2020-10-21T15:52:36 IST">
          <exception class="org.openqa.selenium.WebDriverException">
            <message>
              <![CDATA[disconnected: Unable to receive message from renderer
  (Session info: chrome=86.0.4240.75)
Build info: version: '3.141.59', revision: 'e82be7d358', time: '2018-11-14T08:25:53'
System info: host: 'DESKTOP-M2K5DOK', ip: '192.168.1.100', os.name: 'Windows 10', os.arch: 'amd64', os.version: '10.0', java.version: '1.8.0_241'
Driver info: org.openqa.selenium.chrome.ChromeDriver
Capabilities {acceptInsecureCerts: false, browserName: chrome, browserVersion: 86.0.4240.75, chrome: {chromedriverVersion: 85.0.4183.87 (cd6713ebf92fa..., userDataDir: C:\Users\aa\AppData\Local\T...}, goog:chromeOptions: {debuggerAddress: localhost:52973}, javascriptEnabled: true, networkConnectionEnabled: false, pageLoadStrategy: normal, platform: WINDOWS, platformName: WINDOWS, proxy: Proxy(), setWindowRect: true, strictFileInteractability: false, timeouts: {implicit: 0, pageLoad: 300000, script: 30000}, unhandledPromptBehavior: dismiss and notify, webauthn:virtualAuthenticators: true}
Session ID: 1ba0da8d18129c6d54319c5a7903d6ec]]>
            </message>
            <full-stacktrace>
              <![CDATA[org.openqa.selenium.WebDriverException: disconnected: Unable to receive message from renderer
  (Session info: chrome=86.0.4240.75)
Build info: version: '3.141.59', revision: 'e82be7d358', time: '2018-11-14T08:25:53'
System info: host: 'DESKTOP-M2K5DOK', ip: '192.168.1.100', os.name: 'Windows 10', os.arch: 'amd64', os.version: '10.0', java.version: '1.8.0_241'
Driver info: org.openqa.selenium.chrome.ChromeDriver
Capabilities {acceptInsecureCerts: false, browserName: chrome, browserVersion: 86.0.4240.75, chrome: {chromedriverVersion: 85.0.4183.87 (cd6713ebf92fa..., userDataDir: C:\Users\aa\AppData\Local\T...}, goog:chromeOptions: {debuggerAddress: localhost:52973}, javascriptEnabled: true, networkConnectionEnabled: false, pageLoadStrategy: normal, platform: WINDOWS, platformName: WINDOWS, proxy: Proxy(), setWindowRect: true, strictFileInteractability: false, timeouts: {implicit: 0, pageLoad: 300000, script: 30000}, unhandledPromptBehavior: dismiss and notify, webauthn:virtualAuthenticators: true}
Session ID: 1ba0da8d18129c6d54319c5a7903d6ec
at sun.reflect.NativeConstructorAccessorImpl.newInstance0(Native Method)
at sun.reflect.NativeConstructorAccessorImpl.newInstance(Unknown Source)
at sun.reflect.DelegatingConstructorAccessorImpl.newInstance(Unknown Source)
at java.lang.reflect.Constructor.newInstance(Unknown Source)
at org.openqa.selenium.remote.http.W3CHttpResponseCodec.createException(W3CHttpResponseCodec.java:187)
at org.openqa.selenium.remote.http.W3CHttpResponseCodec.decode(W3CHttpResponseCodec.java:122)
at org.openqa.selenium.remote.http.W3CHttpResponseCodec.decode(W3CHttpResponseCodec.java:49)
at org.openqa.selenium.remote.HttpCommandExecutor.execute(HttpCommandExecutor.java:158)
at org.openqa.selenium.remote.service.DriverCommandExecutor.execute(DriverCommandExecutor.java:83)
at org.openqa.selenium.remote.RemoteWebDriver.execute(RemoteWebDriver.java:552)
at org.openqa.selenium.remote.RemoteWebDriver.get(RemoteWebDriver.java:277)
at generic.Precondition.openApplication(Precondition.java:25)
at sun.reflect.GeneratedMethodAccessor4.invoke(Unknown Source)
at sun.reflect.DelegatingMethodAccessorImpl.invoke(Unknown Source)
at java.lang.reflect.Method.invoke(Unknown Source)
at org.testng.internal.MethodInvocationHelper.invokeMethod(MethodInvocationHelper.java:135)
at org.testng.internal.MethodInvocationHelper.invokeMethodConsideringTimeout(MethodInvocationHelper.java:64)
at org.testng.internal.ConfigInvoker.invokeConfigurationMethod(ConfigInvoker.java:364)
at org.testng.internal.ConfigInvoker.invokeConfigurations(ConfigInvoker.java:318)
at org.testng.internal.TestInvoker.runConfigMethods(TestInvoker.java:700)
at org.testng.internal.TestInvoker.invokeMethod(TestInvoker.java:527)
at org.testng.internal.TestInvoker.invokeTestMethod(TestInvoker.java:174)
at org.testng.internal.MethodRunner.runInSequence(MethodRunner.java:46)
at org.testng.internal.TestInvoker$MethodInvocationAgent.invoke(TestInvoker.java:821)
at org.testng.internal.TestInvoker.invokeTestMethods(TestInvoker.java:147)
at org.testng.internal.TestMethodWorker.invokeTestMethods(TestMethodWorker.java:146)
at org.testng.internal.TestMethodWorker.run(TestMethodWorker.java:128)
at java.util.ArrayList.forEach(Unknown Source)
at org.testng.TestRunner.privateRun(TestRunner.java:767)
at org.testng.TestRunner.run(TestRunner.java:588)
at org.testng.SuiteRunner.runTest(SuiteRunner.java:384)
at org.testng.SuiteRunner.runSequentially(SuiteRunner.java:378)
at org.testng.SuiteRunner.privateRun(SuiteRunner.java:337)
at org.testng.SuiteRunner.run(SuiteRunner.java:286)
at org.testng.SuiteRunnerWorker.runSuite(SuiteRunnerWorker.java:53)
at org.testng.SuiteRunnerWorker.run(SuiteRunnerWorker.java:96)
at org.testng.TestNG.runSuitesSequentially(TestNG.java:1214)
at org.testng.TestNG.runSuitesLocally(TestNG.java:1136)
at org.testng.TestNG.runSuites(TestNG.java:1066)
at org.testng.TestNG.run(TestNG.java:1034)
at org.testng.remote.AbstractRemoteTestNG.run(AbstractRemoteTestNG.java:115)
at org.testng.remote.RemoteTestNG.initAndRun(RemoteTestNG.java:251)
at org.testng.remote.RemoteTestNG.main(RemoteTestNG.java:77)
]]>
            </full-stacktrace>
          </exception> <!-- org.openqa.selenium.WebDriverException -->
          <reporter-output>
          </reporter-output>
        </test-method> <!-- select_LoseWeight_Beginner_Spin_Availoffer_Dothe_Payment_Entering_Credentials_Error_while_processing_the_card -->
        <test-method status="SKIP" signature="closeApplication(org.testng.ITestResult)[pri:0, instance:testscript.Run_Mummy_Payment@47eaca72]" name="closeApplication" is-config="true" duration-ms="-1603275756298" started-at="2020-10-21T15:52:36 IST" finished-at="1970-01-01T05:30:00 IST">
          <reporter-output>
          </reporter-output>
        </test-method> <!-- closeApplication -->
      </class> <!-- testscript.Run_Mummy_Payment -->
    </test> <!-- Default test -->
  </suite> <!-- Default suite -->
</testng-results>
